1: 0 2: 1033 3: 1252 
=== Logging Iniciado: 09/12/2025  15:47:16 ===
Tipo da Mensagem: 0, Argumento: 1033, 1252
Tipo da Mensagem: 1, Argumento: Microsoft Visual C++ 2022 X86 Minimum Runtime - 14.42.34438
Ação 15:47:16: INSTALL. 
Inicio da Ação 15:47:16: INSTALL.
1: 0 2: 1033 3: 1252 
1: 0 2: 1033 3: 1252 
=== Logging Iniciado: 09/12/2025  15:47:16 ===
Tipo da Mensagem: 0, Argumento: 1033, 1252
Tipo da Mensagem: 1, Argumento: Microsoft Visual C++ 2022 X86 Minimum Runtime - 14.42.34438
Ação 15:47:16: INSTALL. 
Inicio da Ação 15:47:16: INSTALL.
1: Microsoft Visual C++ 2022 X86 Minimum Runtime - 14.42.34438 2: {5D0C4511-3CA1-4FF8-A4BA-C0E1957ABEEA} 
Ação 15:47:16: FindRelatedProducts. Buscando por aplicações relacionadas
Inicio da Ação 15:47:16: FindRelatedProducts.
Ação finalizada 15:47:16: FindRelatedProducts. Valore de Retorno 1.
Ação 15:47:16: LaunchConditions. Avaliando condições de inicialização
Inicio da Ação 15:47:16: LaunchConditions.
Ação finalizada 15:47:16: LaunchConditions. Valore de Retorno 1.
Ação 15:47:16: ValidateProductID. 
Inicio da Ação 15:47:16: ValidateProductID.
Ação finalizada 15:47:16: ValidateProductID. Valore de Retorno 1.
Ação 15:47:16: CostInitialize. Calculando requisitos de espaço
Inicio da Ação 15:47:16: CostInitialize.
Ação finalizada 15:47:16: CostInitialize. Valore de Retorno 1.
Ação 15:47:16: FileCost. Calculando requisitos de espaço
Inicio da Ação 15:47:16: FileCost.
Ação finalizada 15:47:16: FileCost. Valore de Retorno 1.
Ação 15:47:16: CostFinalize. Calculando requisitos de espaço
Inicio da Ação 15:47:16: CostFinalize.
Ação finalizada 15:47:16: CostFinalize. Valore de Retorno 1.
Ação 15:47:16: InstallValidate. Validando instalação
Inicio da Ação 15:47:16: InstallValidate.
Ação finalizada 15:47:16: InstallValidate. Valore de Retorno 1.
Ação 15:47:16: InstallInitialize. 
Inicio da Ação 15:47:16: InstallInitialize.
Ação finalizada 15:47:16: InstallInitialize. Valore de Retorno 1.
Ação 15:47:16: RemoveExistingProducts. Removendo aplicativos
Inicio da Ação 15:47:16: RemoveExistingProducts.
Ação finalizada 15:47:16: RemoveExistingProducts. Valore de Retorno 1.
Ação 15:47:16: ProcessComponents. Atualizando registro de componentes
Inicio da Ação 15:47:16: ProcessComponents.
Ação finalizada 15:47:16: ProcessComponents. Valore de Retorno 1.
Ação 15:47:16: UnpublishFeatures. Removendo Características de Produto
Inicio da Ação 15:47:16: UnpublishFeatures.
Ação finalizada 15:47:16: UnpublishFeatures. Valore de Retorno 1.
Ação 15:47:16: RemoveRegistryValues. Removendo valores do registro do sistema
Inicio da Ação 15:47:16: RemoveRegistryValues.
Ação finalizada 15:47:16: RemoveRegistryValues. Valore de Retorno 1.
Ação 15:47:16: RemoveFiles. Removendo arquivos
Inicio da Ação 15:47:16: RemoveFiles.
Ação finalizada 15:47:16: RemoveFiles. Valore de Retorno 1.
Ação 15:47:16: InstallFiles. Copiando novos arquivos
Inicio da Ação 15:47:16: InstallFiles.
Ação finalizada 15:47:16: InstallFiles. Valore de Retorno 1.
Ação 15:47:16: WriteRegistryValues. Gravando valores do registro de sistema
Inicio da Ação 15:47:16: WriteRegistryValues.
Ação finalizada 15:47:16: WriteRegistryValues. Valore de Retorno 1.
Ação 15:47:16: RegisterUser. Registrando usuário
Inicio da Ação 15:47:16: RegisterUser.
Ação finalizada 15:47:16: RegisterUser. Valore de Retorno 1.
Ação 15:47:16: RegisterProduct. Registrando produto
Inicio da Ação 15:47:16: RegisterProduct.
Ação finalizada 15:47:16: RegisterProduct. Valore de Retorno 1.
Ação 15:47:16: PublishFeatures. Publicando Características de Produto
Inicio da Ação 15:47:16: PublishFeatures.
Ação finalizada 15:47:16: PublishFeatures. Valore de Retorno 1.
Ação 15:47:16: PublishProduct. Publicando informações do produto
Inicio da Ação 15:47:16: PublishProduct.
Ação finalizada 15:47:16: PublishProduct. Valore de Retorno 1.
Ação 15:47:16: InstallFinalize. 
Inicio da Ação 15:47:16: InstallFinalize.
Ação 15:47:16: ProcessComponents. Atualizando registro de componentes
Inicio da Ação 15:47:16: ProcessComponents.
1: {5D0C4511-3CA1-4FF8-A4BA-C0E1957ABEEA} 2: {E3819B64-3C56-3DD7-921D-00B011AD31DE} 3: 02:\SOFTWARE\Microsoft\VisualStudio\14.0\VC\Runtimes\X86\Version 
1: {5D0C4511-3CA1-4FF8-A4BA-C0E1957ABEEA} 2: {E8E39D3B-4F35-36D8-B892-4B28336FE041} 3: C:\windows\system32\vcruntime140.dll 
1: {5D0C4511-3CA1-4FF8-A4BA-C0E1957ABEEA} 2: {F4F89385-AC80-4040-ADA6-06D37B69832E} 3: C:\windows\system32\vcruntime140_threads.dll 
1: {5D0C4511-3CA1-4FF8-A4BA-C0E1957ABEEA} 2: {A2AA960C-FD3C-3A6D-BD6F-14933011AFB3} 3: C:\windows\system32\msvcp140.dll 
1: {5D0C4511-3CA1-4FF8-A4BA-C0E1957ABEEA} 2: {A2E7203F-60C2-3D7E-8A46-DB3D381A2CE6} 3: C:\windows\system32\msvcp140_1.dll 
1: {5D0C4511-3CA1-4FF8-A4BA-C0E1957ABEEA} 2: {BC0399EF-5E9D-3C7C-BFF5-5E9A95C96DAF} 3: C:\windows\system32\msvcp140_2.dll 
1: {5D0C4511-3CA1-4FF8-A4BA-C0E1957ABEEA} 2: {763CEC2D-A166-4806-9E55-7D0676C9B2C2} 3: C:\windows\system32\msvcp140_atomic_wait.dll 
1: {5D0C4511-3CA1-4FF8-A4BA-C0E1957ABEEA} 2: {A09E2159-AF75-436E-AA4D-25B6B0A11D60} 3: C:\windows\system32\msvcp140_codecvt_ids.dll 
1: {5D0C4511-3CA1-4FF8-A4BA-C0E1957ABEEA} 2: {9FC931F8-9ED1-3263-A0F1-8ADE330D0ECE} 3: C:\windows\system32\concrt140.dll 
1: {5D0C4511-3CA1-4FF8-A4BA-C0E1957ABEEA} 2: {0200CF79-B9A1-3BE4-955A-29FA9D4B1A5C} 3: C:\windows\system32\vccorlib140.dll 
1: {5D0C4511-3CA1-4FF8-A4BA-C0E1957ABEEA} 2: {240E5802-BDC9-3681-9267-7CA35F29EEBF} 3: C:\windows\system32\vcamp140.dll 
1: {5D0C4511-3CA1-4FF8-A4BA-C0E1957ABEEA} 2: {64DE6BFD-3D7C-36DF-9427-2DE6858F45CE} 3: C:\windows\system32\vcomp140.dll 
1: {5D0C4511-3CA1-4FF8-A4BA-C0E1957ABEEA} 2: {C96DC6F1-894A-33E0-A8C1-3E9E7394FA28} 3: 02:\SOFTWARE\Microsoft\DevDiv\VC\Servicing\14.0\SP 
1: {5D0C4511-3CA1-4FF8-A4BA-C0E1957ABEEA} 2: {7ACE84BA-4FF6-351B-AE91-E198DDB852EE} 3: 02:\SOFTWARE\Microsoft\DevDiv\VC\Servicing\14.0\RuntimeMinimum\Install 
1: {5D0C4511-3CA1-4FF8-A4BA-C0E1957ABEEA} 2: {7F616D2F-B149-3802-BE4C-0F971B293B6C} 3: -1:\Software\Classes\Installer\Dependencies\Microsoft.VS.VC_RuntimeMinimumVSU_x86,v14\Version 
Ação finalizada 15:47:16: ProcessComponents. Valore de Retorno 1.
Ação 15:47:16: UnpublishFeatures. Removendo Características de Produto
Inicio da Ação 15:47:16: UnpublishFeatures.
Ação finalizada 15:47:16: UnpublishFeatures. Valore de Retorno 1.
Ação 15:47:16: RemoveRegistryValues. Removendo valores do registro do sistema
Inicio da Ação 15:47:16: RemoveRegistryValues.
Ação finalizada 15:47:16: RemoveRegistryValues. Valore de Retorno 1.
Ação 15:47:16: RemoveFiles. Removendo arquivos
Inicio da Ação 15:47:16: RemoveFiles.
Arquivo: concrt140.dll, Pasta: SystemFolder
Arquivo: msvcp140.dll, Pasta: SystemFolder
Arquivo: msvcp140_1.dll, Pasta: SystemFolder
Arquivo: msvcp140_2.dll, Pasta: SystemFolder
Arquivo: msvcp140_atomic_wait.dll, Pasta: SystemFolder
Arquivo: msvcp140_codecvt_ids.dll, Pasta: SystemFolder
Arquivo: vcamp140.dll, Pasta: SystemFolder
Arquivo: vccorlib140.dll, Pasta: SystemFolder
Arquivo: vcomp140.dll, Pasta: SystemFolder
Arquivo: vcruntime140.dll, Pasta: SystemFolder
Arquivo: vcruntime140_threads.dll, Pasta: SystemFolder
Ação finalizada 15:47:16: RemoveFiles. Valore de Retorno 1.
Ação 15:47:16: InstallFiles. Copiando novos arquivos
Inicio da Ação 15:47:16: InstallFiles.
Arquivo: concrt140.dll, Pasta: SystemFolder, Tamanho: 259672
Arquivo: msvcp140.dll, Pasta: SystemFolder, Tamanho: 450184
Arquivo: msvcp140_1.dll, Pasta: SystemFolder, Tamanho: 33928
Arquivo: msvcp140_2.dll, Pasta: SystemFolder, Tamanho: 284240
Arquivo: msvcp140_atomic_wait.dll, Pasta: SystemFolder, Tamanho: 47240
Arquivo: msvcp140_codecvt_ids.dll, Pasta: SystemFolder, Tamanho: 30800
Arquivo: vcamp140.dll, Pasta: SystemFolder, Tamanho: 364704
Arquivo: vccorlib140.dll, Pasta: SystemFolder, Tamanho: 287880
Arquivo: vcomp140.dll, Pasta: SystemFolder, Tamanho: 163488
Arquivo: vcruntime140.dll, Pasta: SystemFolder, Tamanho: 90192
Arquivo: vcruntime140_threads.dll, Pasta: SystemFolder, Tamanho: 36000
Ação finalizada 15:47:16: InstallFiles. Valore de Retorno 1.
Ação 15:47:16: WriteRegistryValues. Gravando valores do registro de sistema
Inicio da Ação 15:47:16: WriteRegistryValues.
Chave: HKEY_LOCAL_MACHINE\SOFTWARE\Microsoft\VisualStudio\14.0\VC\Runtimes\X86, Nome: Version, Valor: v14.42.34438.00
Chave: HKEY_LOCAL_MACHINE\SOFTWARE\Microsoft\DevDiv\VC\Servicing\14.0, Nome: SP, Valor: 
Chave: HKEY_LOCAL_MACHINE\SOFTWARE\Microsoft\DevDiv\VC\Servicing\14.0\RuntimeMinimum, Nome: Install, Valor: 
Chave: HKEY_LOCAL_MACHINE\Software\Classes\Installer\Dependencies\Microsoft.VS.VC_RuntimeMinimumVSU_x86,v14, Nome: Version, Valor: 14.42.34438
Chave: HKEY_LOCAL_MACHINE\SOFTWARE\Microsoft\VisualStudio\14.0\VC\Runtimes\X86, Nome: Installed, Valor: 
Chave: HKEY_LOCAL_MACHINE\SOFTWARE\Microsoft\VisualStudio\14.0\VC\Runtimes\X86, Nome: Major, Valor: 
Chave: HKEY_LOCAL_MACHINE\SOFTWARE\Microsoft\VisualStudio\14.0\VC\Runtimes\X86, Nome: Minor, Valor: 
Chave: HKEY_LOCAL_MACHINE\SOFTWARE\Microsoft\VisualStudio\14.0\VC\Runtimes\X86, Nome: Bld, Valor: 
Chave: HKEY_LOCAL_MACHINE\SOFTWARE\Microsoft\VisualStudio\14.0\VC\Runtimes\X86, Nome: Rbld, Valor: 
Chave: HKEY_LOCAL_MACHINE\SOFTWARE\Microsoft\DevDiv\VC\Servicing\14.0, Nome: SPIndex, Valor: 
Chave: HKEY_LOCAL_MACHINE\SOFTWARE\Microsoft\DevDiv\VC\Servicing\14.0\RuntimeMinimum, Nome: InstallerType, Valor: MSI
Chave: HKEY_LOCAL_MACHINE\SOFTWARE\Microsoft\DevDiv\VC\Servicing\14.0\RuntimeMinimum, Nome: SP, Valor: 
Chave: HKEY_LOCAL_MACHINE\SOFTWARE\Microsoft\DevDiv\VC\Servicing\14.0\RuntimeMinimum, Nome: SPIndex, Valor: 
Chave: HKEY_LOCAL_MACHINE\SOFTWARE\Microsoft\DevDiv\VC\Servicing\14.0\RuntimeMinimum, Nome: SPName, Valor: RTM
Chave: HKEY_LOCAL_MACHINE\SOFTWARE\Microsoft\DevDiv\VC\Servicing\14.0\RuntimeMinimum, Nome: Version, Valor: 14.42.34438
Chave: HKEY_LOCAL_MACHINE\SOFTWARE\Microsoft\DevDiv\VC\Servicing\14.0\RuntimeMinimum, Nome: UpdateVersion, Valor: 14.42.34438
Chave: HKEY_LOCAL_MACHINE\Software\Classes\Installer\Dependencies\Microsoft.VS.VC_RuntimeMinimumVSU_x86,v14, Nome: , Valor: {5D0C4511-3CA1-4FF8-A4BA-C0E1957ABEEA}
Chave: HKEY_LOCAL_MACHINE\Software\Classes\Installer\Dependencies\Microsoft.VS.VC_RuntimeMinimumVSU_x86,v14, Nome: DisplayName, Valor: Microsoft Visual C++ 2022 X86 Minimum Runtime - 14.42.34438
Ação finalizada 15:47:16: WriteRegistryValues. Valore de Retorno 1.
Ação 15:47:16: RegisterUser. Registrando usuário
Inicio da Ação 15:47:16: RegisterUser.
1:  
Ação finalizada 15:47:16: RegisterUser. Valore de Retorno 1.
Ação 15:47:16: RegisterProduct. Registrando produto
Inicio da Ação 15:47:16: RegisterProduct.
1: {5D0C4511-3CA1-4FF8-A4BA-C0E1957ABEEA} 
Ação finalizada 15:47:16: RegisterProduct. Valore de Retorno 1.
Ação 15:47:16: PublishFeatures. Publicando Características de Produto
Inicio da Ação 15:47:16: PublishFeatures.
Característica: VC_Runtime_Minimum
Característica: Provider
Característica: Servicing_Key
Ação finalizada 15:47:16: PublishFeatures. Valore de Retorno 1.
Ação 15:47:16: PublishProduct. Publicando informações do produto
Inicio da Ação 15:47:16: PublishProduct.
1: {5D0C4511-3CA1-4FF8-A4BA-C0E1957ABEEA} 
Ação finalizada 15:47:16: PublishProduct. Valore de Retorno 1.
Ação finalizada 15:47:16: InstallFinalize. Valore de Retorno 1.
Ação finalizada 15:47:16: INSTALL. Valore de Retorno 1.
1: Microsoft Visual C++ 2022 X86 Minimum Runtime - 14.42.34438 2: {5D0C4511-3CA1-4FF8-A4BA-C0E1957ABEEA} 3: 1 
Property(S): UpgradeCode = {65E5BD06-6392-3027-8C26-853107D3CF1A}
Property(S): TARGETDIR = C:\
Property(S): SystemFolder = C:\windows\system32\
Property(S): SourceDir = C:\ProgramData\Package Cache\{5D0C4511-3CA1-4FF8-A4BA-C0E1957ABEEA}v14.42.34438\packages\vcRuntimeMinimum_x86\
Property(S): ALLUSERS = 1
Property(S): FILESINUSETEXT = The following applications should be closed before continuing the install:
Property(S): INSTALLLEVEL = 2
Property(S): LIMITUI = 1
Property(S): REBOOT = ReallySuppress
Property(S): REPAIR_REINSTALLMODE = pecmsu
Property(S): ARPSYSTEMCOMPONENT = 1
Property(S): LocProductName = Microsoft Visual C++ 2022 X86 Runtime
Property(S): ProductCPU = x86
Property(S): ProductEdition = RuntimeMinimum
Property(S): ProductFamily = VC
Property(S): RTM_ProductVersion = 14.42.34438
Property(S): MsiLogging = voicewarmupx
Property(S): Manufacturer = Microsoft Corporation
Property(S): ProductCode = {5D0C4511-3CA1-4FF8-A4BA-C0E1957ABEEA}
Property(S): ProductLanguage = 1033
Property(S): ProductName = Microsoft Visual C++ 2022 X86 Minimum Runtime - 14.42.34438
Property(S): ProductVersion = 14.42.34438
Property(S): DirectoryTable100_x86 = DirectoryTable
Property(S): SecureCustomProperties = IGNOREDEPENDENCIES;NEWERVCRUNTIMEVERSIONDETECTED;UPGRADEVCRUNTIME
Property(S): AdminUser = 1
Property(S): Privileged = 1
Property(S): MsiRunningElevated = 1
Property(S): MsiTrueAdminUser = 1
Property(S): CommonAppDataFolder = C:\ProgramData\
Property(S): FavoritesFolder = C:\users\devecoisas\Favorites\
Property(S): FontsFolder = C:\windows\Fonts\
Property(S): SendToFolder = C:\users\devecoisas\AppData\Roaming\Microsoft\Windows\SendTo\
Property(S): StartMenuFolder = C:\users\devecoisas\AppData\Roaming\Microsoft\Windows\Start Menu\
Property(S): StartupFolder = C:\users\devecoisas\AppData\Roaming\Microsoft\Windows\Start Menu\Programs\StartUp\
Property(S): TemplateFolder = C:\users\devecoisas\AppData\Roaming\Microsoft\Windows\Templates\
Property(S): DesktopFolder = C:\users\devecoisas\Desktop\
Property(S): ProgramMenuFolder = C:\users\devecoisas\AppData\Roaming\Microsoft\Windows\Start Menu\Programs\
Property(S): AdminToolsFolder = C:\users\devecoisas\AppData\Roaming\Microsoft\Windows\Start Menu\Programs\Administrative Tools\
Property(S): AppDataFolder = C:\users\devecoisas\AppData\Roaming\
Property(S): System16Folder = C:\windows\system32\
Property(S): LocalAppDataFolder = C:\users\devecoisas\AppData\Local\
Property(S): MyPicturesFolder = C:\users\devecoisas\Pictures\
Property(S): PersonalFolder = C:\users\devecoisas\Documents\
Property(S): WindowsFolder = C:\windows\
Property(S): PrintHoodFolder = C:\users\devecoisas\AppData\Roaming\Microsoft\Windows\Printer Shortcuts\
Property(S): NetHoodFolder = C:\users\devecoisas\AppData\Roaming\Microsoft\Windows\Network Shortcuts\
Property(S): RecentFolder = C:\users\devecoisas\AppData\Roaming\Microsoft\Windows\Recent\
Property(S): PhysicalMemory = 7902
Property(S): WindowsVolume = C:\
Property(S): TempFolder = C:\users\devecoisas\AppData\Local\Temp\
Property(S): VersionNT = 603
Property(S): MsiNTProductType = 1
Property(S): WindowsBuild = 9600
Property(S): ServicePackLevel = 0
Property(S): VersionMsi = 5.0
Property(S): VersionDatabase = 500
Property(S): Intel = 6
Property(S): ProgramFilesFolder = C:\Program Files\
Property(S): CommonFilesFolder = C:\Program Files\Common Files\
Property(S): ScreenX = 1360
Property(S): ScreenY = 768
Property(S): ColorBits = 32
Property(S): UserSID = S-1-5-21-0-0-0-1000
Property(S): MsiNetAssemblySupport = 4.6.1590.0
Property(S): UserLanguageID = 1046
Property(S): SystemLanguageID = 1046
Property(S): ProductState = -1
Property(S): LogonUser = devecoisas
Property(S): ComputerName = DEBIAN
Property(S): UILevel = 2
Property(S): PackageCode = {3E8F905B-8D39-482F-A424-771A526F1619}
Property(S): DATABASE = C:\windows\Installer\f00.msi
Property(S): OriginalDatabase = C:\ProgramData\Package Cache\{5D0C4511-3CA1-4FF8-A4BA-C0E1957ABEEA}v14.42.34438\packages\vcRuntimeMinimum_x86\vc_runtimeMinimum_x86.msi
Property(S): SOURCEDIR = C:\ProgramData\Package Cache\{5D0C4511-3CA1-4FF8-A4BA-C0E1957ABEEA}v14.42.34438\packages\vcRuntimeMinimum_x86\
Property(S): MSIFASTINSTALL = 7
Property(S): NOVSUI = 1
Property(S): ACTION = INSTALL
Property(S): EXECUTEACTION = INSTALL
Property(S): CostingComplete = 1
Property(S): ROOTDRIVE = C:\
Property(S): OutOfDiskSpace = 0
Property(S): OutOfNoRbDiskSpace = 0
1: 2 2: 0 
1: 2 2: 1 
Ação finalizada 15:47:16: INSTALL. Valore de Retorno 1.
