[0128:012C][2025-12-09T15:47:15]i001: Burn v3.14.1.8722, Windows v10.0 (Build 19045: Service Pack 0), path: C:\users\devecoisas\AppData\Local\Temp\{E884D937-26FC-4DC9-93CB-66409091E050}\.cr\vc_redist.x86.exe
[0128:012C][2025-12-09T15:47:15]i009: Command Line: '-burn.clean.room=C:\users\devecoisas\AppData\Local\Temp\is-23QDI.tmp\vc_redist.x86.exe -burn.filehandle.attached=148 -burn.filehandle.self=152 /repair /passive /norestart'
[0128:012C][2025-12-09T15:47:15]i000: Setting string variable 'WixBundleOriginalSource' to value 'C:\users\devecoisas\AppData\Local\Temp\is-23QDI.tmp\vc_redist.x86.exe'
[0128:012C][2025-12-09T15:47:15]i000: Setting string variable 'WixBundleOriginalSourceFolder' to value 'C:\users\devecoisas\AppData\Local\Temp\is-23QDI.tmp\'
[0128:012C][2025-12-09T15:47:15]i000: Setting string variable 'WixBundleLog' to value 'C:\users\devecoisas\AppData\Local\Temp\dd_vcredist_x86_20251209154715.log'
[0128:012C][2025-12-09T15:47:15]i000: Setting string variable 'WixBundleName' to value 'Microsoft Visual C++ 2015-2022 Redistributable (x86) - 14.42.34438'
[0128:012C][2025-12-09T15:47:15]i000: Setting string variable 'WixBundleManufacturer' to value 'Microsoft Corporation'
[0128:0138][2025-12-09T15:47:15]i000: Setting version variable 'WixBundleFileVersion' to value '14.42.34438.0'
[0128:012C][2025-12-09T15:47:15]i100: Detect begin, 10 packages
[0128:012C][2025-12-09T15:47:15]i000: Setting version variable 'windows_uCRT_DetectKey' to value '10.0.14393.2247'
[0128:012C][2025-12-09T15:47:15]i000: Setting numeric variable 'windows_uCRT_DetectKeyExists' to value 1
[0128:012C][2025-12-09T15:47:15]i052: Condition '(VersionNT = v6.3 AND NOT VersionNT64) AND (windows_uCRT_DetectKeyExists AND windows_uCRT_DetectKey >= v10.0.10240.0)' evaluates to false.
[0128:012C][2025-12-09T15:47:15]i052: Condition '(VersionNT = v6.3 AND VersionNT64) AND (windows_uCRT_DetectKeyExists AND windows_uCRT_DetectKey >= v10.0.10240.0)' evaluates to false.
[0128:012C][2025-12-09T15:47:15]i052: Condition '(VersionNT = v6.2 AND NOT VersionNT64) AND (windows_uCRT_DetectKeyExists AND windows_uCRT_DetectKey >= v10.0.10240.0)' evaluates to false.
[0128:012C][2025-12-09T15:47:15]i052: Condition '(VersionNT = v6.2 AND VersionNT64) AND (windows_uCRT_DetectKeyExists AND windows_uCRT_DetectKey >= v10.0.10240.0)' evaluates to false.
[0128:012C][2025-12-09T15:47:15]i052: Condition '(VersionNT = v6.1 AND NOT VersionNT64) AND (windows_uCRT_DetectKeyExists AND windows_uCRT_DetectKey >= v10.0.10240.0)' evaluates to false.
[0128:012C][2025-12-09T15:47:15]i052: Condition '(VersionNT = v6.1 AND VersionNT64) AND (windows_uCRT_DetectKeyExists AND windows_uCRT_DetectKey >= v10.0.10240.0)' evaluates to false.
[0128:012C][2025-12-09T15:47:15]i052: Condition '(VersionNT = v6.0 AND NOT VersionNT64) AND (windows_uCRT_DetectKeyExists AND windows_uCRT_DetectKey >= v10.0.10240.0)' evaluates to false.
[0128:012C][2025-12-09T15:47:15]i052: Condition '(VersionNT = v6.0 AND VersionNT64) AND (windows_uCRT_DetectKeyExists AND windows_uCRT_DetectKey >= v10.0.10240.0)' evaluates to false.
[0128:012C][2025-12-09T15:47:15]i101: Detected package: Windows81_x86, state: Absent, cached: None
[0128:012C][2025-12-09T15:47:15]i101: Detected package: Windows81_x64, state: Absent, cached: None
[0128:012C][2025-12-09T15:47:15]i101: Detected package: Windows8_x86, state: Absent, cached: None
[0128:012C][2025-12-09T15:47:15]i101: Detected package: Windows8_x64, state: Absent, cached: None
[0128:012C][2025-12-09T15:47:15]i101: Detected package: Windows7_MSU_x86, state: Absent, cached: None
[0128:012C][2025-12-09T15:47:15]i101: Detected package: Windows7_MSU_x64, state: Absent, cached: None
[0128:012C][2025-12-09T15:47:15]i101: Detected package: WindowsVista_MSU_x86, state: Absent, cached: None
[0128:012C][2025-12-09T15:47:15]i101: Detected package: WindowsVista_MSU_x64, state: Absent, cached: None
[0128:012C][2025-12-09T15:47:15]i101: Detected package: vcRuntimeMinimum_x86, state: Absent, cached: None
[0128:012C][2025-12-09T15:47:15]i101: Detected package: vcRuntimeAdditional_x86, state: Absent, cached: None
[0128:012C][2025-12-09T15:47:15]i052: Condition 'VersionNT >= v6.1' evaluates to true.
[0128:012C][2025-12-09T15:47:15]i199: Detect complete, result: 0x0
[0128:012C][2025-12-09T15:47:15]i200: Plan begin, 10 packages, action: Install
[0128:012C][2025-12-09T15:47:15]i052: Condition 'VersionNT = v6.3 AND NOT VersionNT64' evaluates to false.
[0128:012C][2025-12-09T15:47:15]w321: Skipping dependency registration on package with no dependency providers: Windows81_x86
[0128:012C][2025-12-09T15:47:15]i052: Condition 'VersionNT = v6.3 AND VersionNT64' evaluates to false.
[0128:012C][2025-12-09T15:47:15]w321: Skipping dependency registration on package with no dependency providers: Windows81_x64
[0128:012C][2025-12-09T15:47:15]i052: Condition 'VersionNT = v6.2 AND NOT VersionNT64' evaluates to false.
[0128:012C][2025-12-09T15:47:15]w321: Skipping dependency registration on package with no dependency providers: Windows8_x86
[0128:012C][2025-12-09T15:47:15]i052: Condition 'VersionNT = v6.2 AND VersionNT64' evaluates to false.
[0128:012C][2025-12-09T15:47:15]w321: Skipping dependency registration on package with no dependency providers: Windows8_x64
[0128:012C][2025-12-09T15:47:15]i052: Condition 'VersionNT = v6.1 AND NOT VersionNT64' evaluates to false.
[0128:012C][2025-12-09T15:47:15]w321: Skipping dependency registration on package with no dependency providers: Windows7_MSU_x86
[0128:012C][2025-12-09T15:47:15]i052: Condition 'VersionNT = v6.1 AND VersionNT64' evaluates to false.
[0128:012C][2025-12-09T15:47:15]w321: Skipping dependency registration on package with no dependency providers: Windows7_MSU_x64
[0128:012C][2025-12-09T15:47:15]i052: Condition 'VersionNT = v6.0 AND NOT VersionNT64' evaluates to false.
[0128:012C][2025-12-09T15:47:15]w321: Skipping dependency registration on package with no dependency providers: WindowsVista_MSU_x86
[0128:012C][2025-12-09T15:47:15]i052: Condition 'VersionNT = v6.0 AND VersionNT64' evaluates to false.
[0128:012C][2025-12-09T15:47:15]w321: Skipping dependency registration on package with no dependency providers: WindowsVista_MSU_x64
[0128:012C][2025-12-09T15:47:15]i000: Setting string variable 'WixBundleRollbackLog_vcRuntimeMinimum_x86' to value 'C:\users\devecoisas\AppData\Local\Temp\dd_vcredist_x86_20251209154715_000_vcRuntimeMinimum_x86_rollback.log'
[0128:012C][2025-12-09T15:47:15]i000: Setting string variable 'WixBundleLog_vcRuntimeMinimum_x86' to value 'C:\users\devecoisas\AppData\Local\Temp\dd_vcredist_x86_20251209154715_000_vcRuntimeMinimum_x86.log'
[0128:012C][2025-12-09T15:47:15]i000: Setting string variable 'WixBundleRollbackLog_vcRuntimeAdditional_x86' to value 'C:\users\devecoisas\AppData\Local\Temp\dd_vcredist_x86_20251209154715_001_vcRuntimeAdditional_x86_rollback.log'
[0128:012C][2025-12-09T15:47:15]i000: Setting string variable 'WixBundleLog_vcRuntimeAdditional_x86' to value 'C:\users\devecoisas\AppData\Local\Temp\dd_vcredist_x86_20251209154715_001_vcRuntimeAdditional_x86.log'
[0128:012C][2025-12-09T15:47:15]i201: Planned package: Windows81_x86, state: Absent, default requested: Absent, ba requested: Absent, execute: None, rollback: None, cache: No, uncache: No, dependency: None
[0128:012C][2025-12-09T15:47:15]i201: Planned package: Windows81_x64, state: Absent, default requested: Absent, ba requested: Absent, execute: None, rollback: None, cache: No, uncache: No, dependency: None
[0128:012C][2025-12-09T15:47:15]i201: Planned package: Windows8_x86, state: Absent, default requested: Absent, ba requested: Absent, execute: None, rollback: None, cache: No, uncache: No, dependency: None
[0128:012C][2025-12-09T15:47:15]i201: Planned package: Windows8_x64, state: Absent, default requested: Absent, ba requested: Absent, execute: None, rollback: None, cache: No, uncache: No, dependency: None
[0128:012C][2025-12-09T15:47:15]i201: Planned package: Windows7_MSU_x86, state: Absent, default requested: Absent, ba requested: Absent, execute: None, rollback: None, cache: No, uncache: No, dependency: None
[0128:012C][2025-12-09T15:47:15]i201: Planned package: Windows7_MSU_x64, state: Absent, default requested: Absent, ba requested: Absent, execute: None, rollback: None, cache: No, uncache: No, dependency: None
[0128:012C][2025-12-09T15:47:15]i201: Planned package: WindowsVista_MSU_x86, state: Absent, default requested: Absent, ba requested: Absent, execute: None, rollback: None, cache: No, uncache: No, dependency: None
[0128:012C][2025-12-09T15:47:15]i201: Planned package: WindowsVista_MSU_x64, state: Absent, default requested: Absent, ba requested: Absent, execute: None, rollback: None, cache: No, uncache: No, dependency: None
[0128:012C][2025-12-09T15:47:15]i201: Planned package: vcRuntimeMinimum_x86, state: Absent, default requested: Present, ba requested: Present, execute: Install, rollback: Uninstall, cache: Yes, uncache: No, dependency: Register
[0128:012C][2025-12-09T15:47:15]i201: Planned package: vcRuntimeAdditional_x86, state: Absent, default requested: Present, ba requested: Present, execute: Install, rollback: Uninstall, cache: Yes, uncache: No, dependency: Register
[0128:012C][2025-12-09T15:47:15]i299: Plan complete, result: 0x0
[0128:012C][2025-12-09T15:47:15]i300: Apply begin
[0128:012C][2025-12-09T15:47:15]i010: Launching elevated engine process.
[0128:012C][2025-12-09T15:47:15]i011: Launched elevated engine process.
[0128:012C][2025-12-09T15:47:15]i012: Connected to elevated engine.
[0144:0148][2025-12-09T15:47:15]i358: Pausing automatic updates.
[0144:0148][2025-12-09T15:47:15]i359: Paused automatic updates.
[0144:0148][2025-12-09T15:47:15]i360: Creating a system restore point.
[0144:0148][2025-12-09T15:47:15]i361: Created a system restore point.
[0144:0148][2025-12-09T15:47:15]i370: Session begin, registration key: SOFTWARE\Microsoft\Windows\CurrentVersion\Uninstall\{ba10fda9-f731-441f-a999-000bbb7ceec2}, options: 0x7, disable resume: No
[0144:0148][2025-12-09T15:47:15]i000: Caching bundle from: 'C:\users\devecoisas\AppData\Local\Temp\{6FB74211-BEB9-4700-B03A-BD73B0444D06}\.be\VC_redist.x86.exe' to: 'C:\ProgramData\Package Cache\{ba10fda9-f731-441f-a999-000bbb7ceec2}\VC_redist.x86.exe'
[0144:0148][2025-12-09T15:47:15]i320: Registering bundle dependency provider: VC,redist.x86,x86,14.42,bundle, version: 14.42.34438.0
[0144:0148][2025-12-09T15:47:15]i371: Updating session, registration key: SOFTWARE\Microsoft\Windows\CurrentVersion\Uninstall\{ba10fda9-f731-441f-a999-000bbb7ceec2}, resume: Active, restart initiated: No, disable resume: No
[0144:0154][2025-12-09T15:47:15]i305: Verified acquired payload: vcRuntimeMinimum_x86 at path: C:\ProgramData\Package Cache\.unverified\vcRuntimeMinimum_x86, moving to: C:\ProgramData\Package Cache\{5D0C4511-3CA1-4FF8-A4BA-C0E1957ABEEA}v14.42.34438\packages\vcRuntimeMinimum_x86\vc_runtimeMinimum_x86.msi.
[0144:0154][2025-12-09T15:47:16]i305: Verified acquired payload: cab54A5CABBE7274D8A22EB58060AAB7623 at path: C:\ProgramData\Package Cache\.unverified\cab54A5CABBE7274D8A22EB58060AAB7623, moving to: C:\ProgramData\Package Cache\{5D0C4511-3CA1-4FF8-A4BA-C0E1957ABEEA}v14.42.34438\packages\vcRuntimeMinimum_x86\cab1.cab.
[0144:0154][2025-12-09T15:47:16]i305: Verified acquired payload: vcRuntimeAdditional_x86 at path: C:\ProgramData\Package Cache\.unverified\vcRuntimeAdditional_x86, moving to: C:\ProgramData\Package Cache\{A5592FEF-F948-4BA6-A066-8BBFC2DC7EE1}v14.42.34438\packages\vcRuntimeAdditional_x86\vc_runtimeAdditional_x86.msi.
[0144:0154][2025-12-09T15:47:16]i305: Verified acquired payload: cabB3E1576D1FEFBB979E13B1A5379E0B16 at path: C:\ProgramData\Package Cache\.unverified\cabB3E1576D1FEFBB979E13B1A5379E0B16, moving to: C:\ProgramData\Package Cache\{A5592FEF-F948-4BA6-A066-8BBFC2DC7EE1}v14.42.34438\packages\vcRuntimeAdditional_x86\cab1.cab.
[0144:0148][2025-12-09T15:47:16]i301: Applying execute package: vcRuntimeMinimum_x86, action: Install, path: C:\ProgramData\Package Cache\{5D0C4511-3CA1-4FF8-A4BA-C0E1957ABEEA}v14.42.34438\packages\vcRuntimeMinimum_x86\vc_runtimeMinimum_x86.msi, arguments: ' MSIFASTINSTALL="7" NOVSUI="1"'
[0128:012C][2025-12-09T15:47:16]i319: Applied execute package: vcRuntimeMinimum_x86, result: 0x0, restart: None
[0144:0148][2025-12-09T15:47:16]i325: Registering dependency: {ba10fda9-f731-441f-a999-000bbb7ceec2} on package provider: Microsoft.VS.VC_RuntimeMinimumVSU_x86,v14, package: vcRuntimeMinimum_x86
[0144:0148][2025-12-09T15:47:16]i301: Applying execute package: vcRuntimeAdditional_x86, action: Install, path: C:\ProgramData\Package Cache\{A5592FEF-F948-4BA6-A066-8BBFC2DC7EE1}v14.42.34438\packages\vcRuntimeAdditional_x86\vc_runtimeAdditional_x86.msi, arguments: ' MSIFASTINSTALL="7" NOVSUI="1"'
[0128:012C][2025-12-09T15:47:16]i319: Applied execute package: vcRuntimeAdditional_x86, result: 0x0, restart: None
[0144:0148][2025-12-09T15:47:16]i325: Registering dependency: {ba10fda9-f731-441f-a999-000bbb7ceec2} on package provider: Microsoft.VS.VC_RuntimeAdditionalVSU_x86,v14, package: vcRuntimeAdditional_x86
[0144:0148][2025-12-09T15:47:16]i372: Session end, registration key: SOFTWARE\Microsoft\Windows\CurrentVersion\Uninstall\{ba10fda9-f731-441f-a999-000bbb7ceec2}, resume: ARP, restart: None, disable resume: No
[0144:0148][2025-12-09T15:47:16]i371: Updating session, registration key: SOFTWARE\Microsoft\Windows\CurrentVersion\Uninstall\{ba10fda9-f731-441f-a999-000bbb7ceec2}, resume: ARP, restart initiated: No, disable resume: No
[0128:012C][2025-12-09T15:47:16]i399: Apply complete, result: 0x0, restart: None, ba requested restart:  No
[0128:012C][2025-12-09T15:47:16]i500: Shutting down, exit code: 0x0
[0128:012C][2025-12-09T15:47:16]i410: Variable: SystemFolder = C:\windows\system32\
[0128:012C][2025-12-09T15:47:16]i410: Variable: VersionNT = 10.0.0.0
[0128:012C][2025-12-09T15:47:16]i410: Variable: windows_uCRT_DetectKey = 10.0.14393.2247
[0128:012C][2025-12-09T15:47:16]i410: Variable: windows_uCRT_DetectKeyExists = 1
[0128:012C][2025-12-09T15:47:16]i410: Variable: WixBundleAction = 5
[0128:012C][2025-12-09T15:47:16]i410: Variable: WixBundleElevated = 1
[0128:012C][2025-12-09T15:47:16]i410: Variable: WixBundleFileVersion = 14.42.34438.0
[0128:012C][2025-12-09T15:47:16]i410: Variable: WixBundleInstalled = 0
[0128:012C][2025-12-09T15:47:16]i410: Variable: WixBundleLog = C:\users\devecoisas\AppData\Local\Temp\dd_vcredist_x86_20251209154715.log
[0128:012C][2025-12-09T15:47:16]i410: Variable: WixBundleLog_vcRuntimeAdditional_x86 = C:\users\devecoisas\AppData\Local\Temp\dd_vcredist_x86_20251209154715_001_vcRuntimeAdditional_x86.log
[0128:012C][2025-12-09T15:47:16]i410: Variable: WixBundleLog_vcRuntimeMinimum_x86 = C:\users\devecoisas\AppData\Local\Temp\dd_vcredist_x86_20251209154715_000_vcRuntimeMinimum_x86.log
[0128:012C][2025-12-09T15:47:16]i410: Variable: WixBundleManufacturer = Microsoft Corporation
[0128:012C][2025-12-09T15:47:16]i410: Variable: WixBundleName = Microsoft Visual C++ 2015-2022 Redistributable (x86) - 14.42.34438
[0128:012C][2025-12-09T15:47:16]i410: Variable: WixBundleOriginalSource = C:\users\devecoisas\AppData\Local\Temp\is-23QDI.tmp\vc_redist.x86.exe
[0128:012C][2025-12-09T15:47:16]i410: Variable: WixBundleOriginalSourceFolder = C:\users\devecoisas\AppData\Local\Temp\is-23QDI.tmp\
[0128:012C][2025-12-09T15:47:16]i410: Variable: WixBundleProviderKey = VC,redist.x86,x86,14.42,bundle
[0128:012C][2025-12-09T15:47:16]i410: Variable: WixBundleRollbackLog_vcRuntimeAdditional_x86 = C:\users\devecoisas\AppData\Local\Temp\dd_vcredist_x86_20251209154715_001_vcRuntimeAdditional_x86_rollback.log
[0128:012C][2025-12-09T15:47:16]i410: Variable: WixBundleRollbackLog_vcRuntimeMinimum_x86 = C:\users\devecoisas\AppData\Local\Temp\dd_vcredist_x86_20251209154715_000_vcRuntimeMinimum_x86_rollback.log
[0128:012C][2025-12-09T15:47:16]i410: Variable: WixBundleSourceProcessFolder = C:\users\devecoisas\AppData\Local\Temp\is-23QDI.tmp\
[0128:012C][2025-12-09T15:47:16]i410: Variable: WixBundleSourceProcessPath = C:\users\devecoisas\AppData\Local\Temp\is-23QDI.tmp\vc_redist.x86.exe
[0128:012C][2025-12-09T15:47:16]i410: Variable: WixBundleTag = 
[0128:012C][2025-12-09T15:47:16]i410: Variable: WixBundleUILevel = 3
[0128:012C][2025-12-09T15:47:16]i410: Variable: WixBundleVersion = 14.42.34438.0
[0128:012C][2025-12-09T15:47:16]i007: Exit code: 0x0, restarting: No
