1: 0 2: 1033 3: 1252 
=== Logging Iniciado: 09/12/2025  15:47:16 ===
Tipo da Mensagem: 0, Argumento: 1033, 1252
Tipo da Mensagem: 1, Argumento: Microsoft Visual C++ 2022 X86 Additional Runtime - 14.42.34438
Ação 15:47:16: INSTALL. 
Inicio da Ação 15:47:16: INSTALL.
1: 0 2: 1033 3: 1252 
1: 0 2: 1033 3: 1252 
=== Logging Iniciado: 09/12/2025  15:47:16 ===
Tipo da Mensagem: 0, Argumento: 1033, 1252
Tipo da Mensagem: 1, Argumento: Microsoft Visual C++ 2022 X86 Additional Runtime - 14.42.34438
Ação 15:47:16: INSTALL. 
Inicio da Ação 15:47:16: INSTALL.
1: Microsoft Visual C++ 2022 X86 Additional Runtime - 14.42.34438 2: {A5592FEF-F948-4BA6-A066-8BBFC2DC7EE1} 
Ação 15:47:16: FindRelatedProducts. Buscando por aplicações relacionadas
Inicio da Ação 15:47:16: FindRelatedProducts.
Ação finalizada 15:47:16: FindRelatedProducts. Valore de Retorno 1.
Ação 15:47:16: LaunchConditions. Avaliando condições de inicialização
Inicio da Ação 15:47:16: LaunchConditions.
Ação finalizada 15:47:16: LaunchConditions. Valore de Retorno 1.
Ação 15:47:16: ValidateProductID. 
Inicio da Ação 15:47:16: ValidateProductID.
Ação finalizada 15:47:16: ValidateProductID. Valore de Retorno 1.
Ação 15:47:16: CostInitialize. Calculando requisitos de espaço
Inicio da Ação 15:47:16: CostInitialize.
Ação finalizada 15:47:16: CostInitialize. Valore de Retorno 1.
Ação 15:47:16: FileCost. Calculando requisitos de espaço
Inicio da Ação 15:47:16: FileCost.
Ação finalizada 15:47:16: FileCost. Valore de Retorno 1.
Ação 15:47:16: CostFinalize. Calculando requisitos de espaço
Inicio da Ação 15:47:16: CostFinalize.
Ação finalizada 15:47:16: CostFinalize. Valore de Retorno 1.
Ação 15:47:16: InstallValidate. Validando instalação
Inicio da Ação 15:47:16: InstallValidate.
Ação finalizada 15:47:16: InstallValidate. Valore de Retorno 1.
Ação 15:47:16: InstallInitialize. 
Inicio da Ação 15:47:16: InstallInitialize.
Ação finalizada 15:47:16: InstallInitialize. Valore de Retorno 1.
Ação 15:47:16: RemoveExistingProducts. Removendo aplicativos
Inicio da Ação 15:47:16: RemoveExistingProducts.
Ação finalizada 15:47:16: RemoveExistingProducts. Valore de Retorno 1.
Ação 15:47:16: ProcessComponents. Atualizando registro de componentes
Inicio da Ação 15:47:16: ProcessComponents.
Ação finalizada 15:47:16: ProcessComponents. Valore de Retorno 1.
Ação 15:47:16: UnpublishFeatures. Removendo Características de Produto
Inicio da Ação 15:47:16: UnpublishFeatures.
Ação finalizada 15:47:16: UnpublishFeatures. Valore de Retorno 1.
Ação 15:47:16: RemoveRegistryValues. Removendo valores do registro do sistema
Inicio da Ação 15:47:16: RemoveRegistryValues.
Ação finalizada 15:47:16: RemoveRegistryValues. Valore de Retorno 1.
Ação 15:47:16: RemoveFiles. Removendo arquivos
Inicio da Ação 15:47:16: RemoveFiles.
Ação finalizada 15:47:16: RemoveFiles. Valore de Retorno 1.
Ação 15:47:16: InstallFiles. Copiando novos arquivos
Inicio da Ação 15:47:16: InstallFiles.
Ação finalizada 15:47:16: InstallFiles. Valore de Retorno 1.
Ação 15:47:16: WriteRegistryValues. Gravando valores do registro de sistema
Inicio da Ação 15:47:16: WriteRegistryValues.
Ação finalizada 15:47:16: WriteRegistryValues. Valore de Retorno 1.
Ação 15:47:16: RegisterUser. Registrando usuário
Inicio da Ação 15:47:16: RegisterUser.
Ação finalizada 15:47:16: RegisterUser. Valore de Retorno 1.
Ação 15:47:16: RegisterProduct. Registrando produto
Inicio da Ação 15:47:16: RegisterProduct.
Ação finalizada 15:47:16: RegisterProduct. Valore de Retorno 1.
Ação 15:47:16: PublishFeatures. Publicando Características de Produto
Inicio da Ação 15:47:16: PublishFeatures.
Ação finalizada 15:47:16: PublishFeatures. Valore de Retorno 1.
Ação 15:47:16: PublishProduct. Publicando informações do produto
Inicio da Ação 15:47:16: PublishProduct.
Ação finalizada 15:47:16: PublishProduct. Valore de Retorno 1.
Ação 15:47:16: InstallFinalize. 
Inicio da Ação 15:47:16: InstallFinalize.
Ação 15:47:16: ProcessComponents. Atualizando registro de componentes
Inicio da Ação 15:47:16: ProcessComponents.
1: {A5592FEF-F948-4BA6-A066-8BBFC2DC7EE1} 2: {E3819B64-3C56-3DD7-921D-00B011AD31DE} 3: 02:\SOFTWARE\Microsoft\VisualStudio\14.0\VC\Runtimes\X86\Version 
1: {A5592FEF-F948-4BA6-A066-8BBFC2DC7EE1} 2: {4FD4AB8C-C57F-3782-9230-9CCA22153AD3} 3: C:\windows\system32\mfc140.dll 
1: {A5592FEF-F948-4BA6-A066-8BBFC2DC7EE1} 2: {46A1EA6B-3D81-3399-8991-127F7F7AE76A} 3: C:\windows\system32\mfc140u.dll 
1: {A5592FEF-F948-4BA6-A066-8BBFC2DC7EE1} 2: {C94DDE19-CC70-3B9A-A6AF-5CA7340B9B9A} 3: C:\windows\system32\mfcm140.dll 
1: {A5592FEF-F948-4BA6-A066-8BBFC2DC7EE1} 2: {946D6FA6-49BB-3415-AD2D-4D634C432CF0} 3: C:\windows\system32\mfcm140u.dll 
1: {A5592FEF-F948-4BA6-A066-8BBFC2DC7EE1} 2: {E533B148-A83A-3788-A763-0C6C46CF6CC3} 3: C:\windows\system32\mfc140chs.dll 
1: {A5592FEF-F948-4BA6-A066-8BBFC2DC7EE1} 2: {8B35C1A3-3BC8-3C7F-B375-6D5B2E278BFF} 3: C:\windows\system32\mfc140cht.dll 
1: {A5592FEF-F948-4BA6-A066-8BBFC2DC7EE1} 2: {A06367B0-D1B9-3CA0-A518-2BB563762257} 3: C:\windows\system32\mfc140deu.dll 
1: {A5592FEF-F948-4BA6-A066-8BBFC2DC7EE1} 2: {B2A724FB-BE66-3A00-8162-733A2616AA43} 3: C:\windows\system32\mfc140enu.dll 
1: {A5592FEF-F948-4BA6-A066-8BBFC2DC7EE1} 2: {29C00ECB-07FA-314C-93B9-A4058FE2025B} 3: C:\windows\system32\mfc140esn.dll 
1: {A5592FEF-F948-4BA6-A066-8BBFC2DC7EE1} 2: {4E5D8DF7-1BC9-3950-B148-90102BCE777A} 3: C:\windows\system32\mfc140fra.dll 
1: {A5592FEF-F948-4BA6-A066-8BBFC2DC7EE1} 2: {B9E93E81-8CA8-3A5A-AE53-58269C7974C8} 3: C:\windows\system32\mfc140ita.dll 
1: {A5592FEF-F948-4BA6-A066-8BBFC2DC7EE1} 2: {BFAB25E7-7089-3F7F-B206-5B894ABD7B7A} 3: C:\windows\system32\mfc140jpn.dll 
1: {A5592FEF-F948-4BA6-A066-8BBFC2DC7EE1} 2: {8A2ECF25-CE78-39E8-B94D-AB1B1A825FC3} 3: C:\windows\system32\mfc140kor.dll 
1: {A5592FEF-F948-4BA6-A066-8BBFC2DC7EE1} 2: {DE8821FC-6B01-34B3-822E-1F37A99E4A2E} 3: C:\windows\system32\mfc140rus.dll 
1: {A5592FEF-F948-4BA6-A066-8BBFC2DC7EE1} 2: {C96DC6F1-894A-33E0-A8C1-3E9E7394FA28} 3: 02:\SOFTWARE\Microsoft\DevDiv\VC\Servicing\14.0\SP 
1: {A5592FEF-F948-4BA6-A066-8BBFC2DC7EE1} 2: {1EA220DF-5B36-3289-B979-D06841E41888} 3: 02:\SOFTWARE\Microsoft\DevDiv\VC\Servicing\14.0\RuntimeAdditional\Install 
1: {A5592FEF-F948-4BA6-A066-8BBFC2DC7EE1} 2: {7F3A911D-F2F1-31B0-9880-590B7CA662C7} 3: -1:\Software\Classes\Installer\Dependencies\Microsoft.VS.VC_RuntimeAdditionalVSU_x86,v14\Version 
Ação finalizada 15:47:16: ProcessComponents. Valore de Retorno 1.
Ação 15:47:16: UnpublishFeatures. Removendo Características de Produto
Inicio da Ação 15:47:16: UnpublishFeatures.
Ação finalizada 15:47:16: UnpublishFeatures. Valore de Retorno 1.
Ação 15:47:16: RemoveRegistryValues. Removendo valores do registro do sistema
Inicio da Ação 15:47:16: RemoveRegistryValues.
Ação finalizada 15:47:16: RemoveRegistryValues. Valore de Retorno 1.
Ação 15:47:16: RemoveFiles. Removendo arquivos
Inicio da Ação 15:47:16: RemoveFiles.
Arquivo: mfc140.dll, Pasta: SystemFolder
Arquivo: mfc140chs.dll, Pasta: SystemFolder
Arquivo: mfc140cht.dll, Pasta: SystemFolder
Arquivo: mfc140deu.dll, Pasta: SystemFolder
Arquivo: mfc140enu.dll, Pasta: SystemFolder
Arquivo: mfc140esn.dll, Pasta: SystemFolder
Arquivo: mfc140fra.dll, Pasta: SystemFolder
Arquivo: mfc140ita.dll, Pasta: SystemFolder
Arquivo: mfc140jpn.dll, Pasta: SystemFolder
Arquivo: mfc140kor.dll, Pasta: SystemFolder
Arquivo: mfc140rus.dll, Pasta: SystemFolder
Arquivo: mfc140u.dll, Pasta: SystemFolder
Arquivo: mfcm140.dll, Pasta: SystemFolder
Arquivo: mfcm140u.dll, Pasta: SystemFolder
Ação finalizada 15:47:16: RemoveFiles. Valore de Retorno 1.
Ação 15:47:16: InstallFiles. Copiando novos arquivos
Inicio da Ação 15:47:16: InstallFiles.
Arquivo: mfc140.dll, Pasta: SystemFolder, Tamanho: 4836512
Arquivo: mfc140chs.dll, Pasta: SystemFolder, Tamanho: 51360
Arquivo: mfc140cht.dll, Pasta: SystemFolder, Tamanho: 51280
Arquivo: mfc140deu.dll, Pasta: SystemFolder, Tamanho: 79952
Arquivo: mfc140enu.dll, Pasta: SystemFolder, Tamanho: 70304
Arquivo: mfc140esn.dll, Pasta: SystemFolder, Tamanho: 78928
Arquivo: mfc140fra.dll, Pasta: SystemFolder, Tamanho: 79952
Arquivo: mfc140ita.dll, Pasta: SystemFolder, Tamanho: 77912
Arquivo: mfc140jpn.dll, Pasta: SystemFolder, Tamanho: 58960
Arquivo: mfc140kor.dll, Pasta: SystemFolder, Tamanho: 58448
Arquivo: mfc140rus.dll, Pasta: SystemFolder, Tamanho: 75864
Arquivo: mfc140u.dll, Pasta: SystemFolder, Tamanho: 4864080
Arquivo: mfcm140.dll, Pasta: SystemFolder, Tamanho: 86688
Arquivo: mfcm140u.dll, Pasta: SystemFolder, Tamanho: 86608
Ação finalizada 15:47:16: InstallFiles. Valore de Retorno 1.
Ação 15:47:16: WriteRegistryValues. Gravando valores do registro de sistema
Inicio da Ação 15:47:16: WriteRegistryValues.
Chave: HKEY_LOCAL_MACHINE\SOFTWARE\Microsoft\VisualStudio\14.0\VC\Runtimes\X86, Nome: Version, Valor: v14.42.34438.00
Chave: HKEY_LOCAL_MACHINE\SOFTWARE\Microsoft\DevDiv\VC\Servicing\14.0, Nome: SP, Valor: 
Chave: HKEY_LOCAL_MACHINE\SOFTWARE\Microsoft\DevDiv\VC\Servicing\14.0\RuntimeAdditional, Nome: Install, Valor: 
Chave: HKEY_LOCAL_MACHINE\Software\Classes\Installer\Dependencies\Microsoft.VS.VC_RuntimeAdditionalVSU_x86,v14, Nome: Version, Valor: 14.42.34438
Chave: HKEY_LOCAL_MACHINE\SOFTWARE\Microsoft\VisualStudio\14.0\VC\Runtimes\X86, Nome: Installed, Valor: 
Chave: HKEY_LOCAL_MACHINE\SOFTWARE\Microsoft\VisualStudio\14.0\VC\Runtimes\X86, Nome: Major, Valor: 
Chave: HKEY_LOCAL_MACHINE\SOFTWARE\Microsoft\VisualStudio\14.0\VC\Runtimes\X86, Nome: Minor, Valor: 
Chave: HKEY_LOCAL_MACHINE\SOFTWARE\Microsoft\VisualStudio\14.0\VC\Runtimes\X86, Nome: Bld, Valor: 
Chave: HKEY_LOCAL_MACHINE\SOFTWARE\Microsoft\VisualStudio\14.0\VC\Runtimes\X86, Nome: Rbld, Valor: 
Chave: HKEY_LOCAL_MACHINE\SOFTWARE\Microsoft\DevDiv\VC\Servicing\14.0, Nome: SPIndex, Valor: 
Chave: HKEY_LOCAL_MACHINE\SOFTWARE\Microsoft\DevDiv\VC\Servicing\14.0\RuntimeAdditional, Nome: InstallerType, Valor: MSI
Chave: HKEY_LOCAL_MACHINE\SOFTWARE\Microsoft\DevDiv\VC\Servicing\14.0\RuntimeAdditional, Nome: SP, Valor: 
Chave: HKEY_LOCAL_MACHINE\SOFTWARE\Microsoft\DevDiv\VC\Servicing\14.0\RuntimeAdditional, Nome: SPIndex, Valor: 
Chave: HKEY_LOCAL_MACHINE\SOFTWARE\Microsoft\DevDiv\VC\Servicing\14.0\RuntimeAdditional, Nome: SPName, Valor: RTM
Chave: HKEY_LOCAL_MACHINE\SOFTWARE\Microsoft\DevDiv\VC\Servicing\14.0\RuntimeAdditional, Nome: Version, Valor: 14.42.34438
Chave: HKEY_LOCAL_MACHINE\SOFTWARE\Microsoft\DevDiv\VC\Servicing\14.0\RuntimeAdditional, Nome: UpdateVersion, Valor: 14.42.34438
Chave: HKEY_LOCAL_MACHINE\Software\Classes\Installer\Dependencies\Microsoft.VS.VC_RuntimeAdditionalVSU_x86,v14, Nome: , Valor: {A5592FEF-F948-4BA6-A066-8BBFC2DC7EE1}
Chave: HKEY_LOCAL_MACHINE\Software\Classes\Installer\Dependencies\Microsoft.VS.VC_RuntimeAdditionalVSU_x86,v14, Nome: DisplayName, Valor: Microsoft Visual C++ 2022 X86 Additional Runtime - 14.42.34438
Ação finalizada 15:47:16: WriteRegistryValues. Valore de Retorno 1.
Ação 15:47:16: RegisterUser. Registrando usuário
Inicio da Ação 15:47:16: RegisterUser.
1:  
Ação finalizada 15:47:16: RegisterUser. Valore de Retorno 1.
Ação 15:47:16: RegisterProduct. Registrando produto
Inicio da Ação 15:47:16: RegisterProduct.
1: {A5592FEF-F948-4BA6-A066-8BBFC2DC7EE1} 
Ação finalizada 15:47:16: RegisterProduct. Valore de Retorno 1.
Ação 15:47:16: PublishFeatures. Publicando Características de Produto
Inicio da Ação 15:47:16: PublishFeatures.
Característica: VC_Runtime_Additional
Característica: Provider
Característica: Servicing_Key
Ação finalizada 15:47:16: PublishFeatures. Valore de Retorno 1.
Ação 15:47:16: PublishProduct. Publicando informações do produto
Inicio da Ação 15:47:16: PublishProduct.
1: {A5592FEF-F948-4BA6-A066-8BBFC2DC7EE1} 
Ação finalizada 15:47:16: PublishProduct. Valore de Retorno 1.
Ação finalizada 15:47:16: InstallFinalize. Valore de Retorno 1.
Ação finalizada 15:47:16: INSTALL. Valore de Retorno 1.
1: Microsoft Visual C++ 2022 X86 Additional Runtime - 14.42.34438 2: {A5592FEF-F948-4BA6-A066-8BBFC2DC7EE1} 3: 1 
Property(S): UpgradeCode = {C78B8E51-0C65-377E-85D1-282F689FE505}
Property(S): TARGETDIR = C:\
Property(S): SystemFolder = C:\windows\system32\
Property(S): SourceDir = C:\ProgramData\Package Cache\{A5592FEF-F948-4BA6-A066-8BBFC2DC7EE1}v14.42.34438\packages\vcRuntimeAdditional_x86\
Property(S): ALLUSERS = 1
Property(S): FILESINUSETEXT = The following applications should be closed before continuing the install:
Property(S): INSTALLLEVEL = 2
Property(S): LIMITUI = 1
Property(S): REBOOT = ReallySuppress
Property(S): REPAIR_REINSTALLMODE = pecmsu
Property(S): ARPSYSTEMCOMPONENT = 1
Property(S): LocProductName = Microsoft Visual C++ 2022 X86 Runtime
Property(S): ProductCPU = x86
Property(S): ProductEdition = Runtime
Property(S): ProductFamily = VC
Property(S): RTM_ProductVersion = 14.42.34438
Property(S): MsiLogging = voicewarmup
Property(S): Manufacturer = Microsoft Corporation
Property(S): ProductCode = {A5592FEF-F948-4BA6-A066-8BBFC2DC7EE1}
Property(S): ProductLanguage = 1033
Property(S): ProductName = Microsoft Visual C++ 2022 X86 Additional Runtime - 14.42.34438
Property(S): ProductVersion = 14.42.34438
Property(S): DirectoryTable100_x86 = DirectoryTable
Property(S): SecureCustomProperties = IGNOREDEPENDENCIES;NEWERVCRUNTIMEVERSIONDETECTED;UPGRADEVCRUNTIME
Property(S): AdminUser = 1
Property(S): Privileged = 1
Property(S): MsiRunningElevated = 1
Property(S): MsiTrueAdminUser = 1
Property(S): CommonAppDataFolder = C:\ProgramData\
Property(S): FavoritesFolder = C:\users\devecoisas\Favorites\
Property(S): FontsFolder = C:\windows\Fonts\
Property(S): SendToFolder = C:\users\devecoisas\AppData\Roaming\Microsoft\Windows\SendTo\
Property(S): StartMenuFolder = C:\users\devecoisas\AppData\Roaming\Microsoft\Windows\Start Menu\
Property(S): StartupFolder = C:\users\devecoisas\AppData\Roaming\Microsoft\Windows\Start Menu\Programs\StartUp\
Property(S): TemplateFolder = C:\users\devecoisas\AppData\Roaming\Microsoft\Windows\Templates\
Property(S): DesktopFolder = C:\users\devecoisas\Desktop\
Property(S): ProgramMenuFolder = C:\users\devecoisas\AppData\Roaming\Microsoft\Windows\Start Menu\Programs\
Property(S): AdminToolsFolder = C:\users\devecoisas\AppData\Roaming\Microsoft\Windows\Start Menu\Programs\Administrative Tools\
Property(S): AppDataFolder = C:\users\devecoisas\AppData\Roaming\
Property(S): System16Folder = C:\windows\system32\
Property(S): LocalAppDataFolder = C:\users\devecoisas\AppData\Local\
Property(S): MyPicturesFolder = C:\users\devecoisas\Pictures\
Property(S): PersonalFolder = C:\users\devecoisas\Documents\
Property(S): WindowsFolder = C:\windows\
Property(S): PrintHoodFolder = C:\users\devecoisas\AppData\Roaming\Microsoft\Windows\Printer Shortcuts\
Property(S): NetHoodFolder = C:\users\devecoisas\AppData\Roaming\Microsoft\Windows\Network Shortcuts\
Property(S): RecentFolder = C:\users\devecoisas\AppData\Roaming\Microsoft\Windows\Recent\
Property(S): PhysicalMemory = 7902
Property(S): WindowsVolume = C:\
Property(S): TempFolder = C:\users\devecoisas\AppData\Local\Temp\
Property(S): VersionNT = 603
Property(S): MsiNTProductType = 1
Property(S): WindowsBuild = 9600
Property(S): ServicePackLevel = 0
Property(S): VersionMsi = 5.0
Property(S): VersionDatabase = 500
Property(S): Intel = 6
Property(S): ProgramFilesFolder = C:\Program Files\
Property(S): CommonFilesFolder = C:\Program Files\Common Files\
Property(S): ScreenX = 1360
Property(S): ScreenY = 768
Property(S): ColorBits = 32
Property(S): UserSID = S-1-5-21-0-0-0-1000
Property(S): MsiNetAssemblySupport = 4.6.1590.0
Property(S): UserLanguageID = 1046
Property(S): SystemLanguageID = 1046
Property(S): ProductState = -1
Property(S): LogonUser = devecoisas
Property(S): ComputerName = DEBIAN
Property(S): UILevel = 2
Property(S): PackageCode = {1E017053-1DB2-445D-8E02-A027BE9B3B77}
Property(S): DATABASE = C:\windows\Installer\f7d.msi
Property(S): OriginalDatabase = C:\ProgramData\Package Cache\{A5592FEF-F948-4BA6-A066-8BBFC2DC7EE1}v14.42.34438\packages\vcRuntimeAdditional_x86\vc_runtimeAdditional_x86.msi
Property(S): SOURCEDIR = C:\ProgramData\Package Cache\{A5592FEF-F948-4BA6-A066-8BBFC2DC7EE1}v14.42.34438\packages\vcRuntimeAdditional_x86\
Property(S): MSIFASTINSTALL = 7
Property(S): NOVSUI = 1
Property(S): ACTION = INSTALL
Property(S): EXECUTEACTION = INSTALL
Property(S): CostingComplete = 1
Property(S): ROOTDRIVE = C:\
Property(S): OutOfDiskSpace = 0
Property(S): OutOfNoRbDiskSpace = 0
1: 2 2: 0 
1: 2 2: 1 
Ação finalizada 15:47:16: INSTALL. Valore de Retorno 1.
