[0170:0174][2025-12-09T11:55:24]i001: Burn v3.14.1.8722, Windows v10.0 (Build 19043: Service Pack 0), path: C:\users\devecoisas\AppData\Local\Temp\{506886F5-8864-4C64-9B8D-3E2C6A0647C5}\.cr\vc_redist.x64.exe
[0170:0174][2025-12-09T11:55:24]i009: Command Line: '-burn.clean.room=C:\users\devecoisas\AppData\Local\Temp\is-945HA.tmp\vc_redist.x64.exe -burn.filehandle.attached=144 -burn.filehandle.self=148 /repair /passive /norestart'
[0170:0174][2025-12-09T11:55:24]i000: Setting string variable 'WixBundleOriginalSource' to value 'C:\users\devecoisas\AppData\Local\Temp\is-945HA.tmp\vc_redist.x64.exe'
[0170:0174][2025-12-09T11:55:24]i000: Setting string variable 'WixBundleOriginalSourceFolder' to value 'C:\users\devecoisas\AppData\Local\Temp\is-945HA.tmp\'
[0170:0174][2025-12-09T11:55:25]i000: Setting string variable 'WixBundleLog' to value 'C:\users\devecoisas\AppData\Local\Temp\dd_vcredist_amd64_20251209115525.log'
[0170:0174][2025-12-09T11:55:25]i000: Setting string variable 'WixBundleName' to value 'Microsoft Visual C++ 2015-2022 Redistributable (x64) - 14.42.34438'
[0170:0174][2025-12-09T11:55:25]i000: Setting string variable 'WixBundleManufacturer' to value 'Microsoft Corporation'
[0170:0180][2025-12-09T11:55:25]i000: Setting version variable 'WixBundleFileVersion' to value '14.42.34438.0'
[0170:0174][2025-12-09T11:55:25]i100: Detect begin, 11 packages
[0170:0174][2025-12-09T11:55:25]i000: Setting string variable 'Arm64_Check' to value 'AMD64'
[0170:0174][2025-12-09T11:55:25]i000: Setting version variable 'windows_uCRT_DetectKey' to value '10.0.14393.2247'
[0170:0174][2025-12-09T11:55:25]i000: Setting numeric variable 'windows_uCRT_DetectKeyExists' to value 1
[0170:0174][2025-12-09T11:55:25]i052: Condition '(VersionNT = v6.3 AND NOT VersionNT64) AND (windows_uCRT_DetectKeyExists AND windows_uCRT_DetectKey >= v10.0.10240.0)' evaluates to false.
[0170:0174][2025-12-09T11:55:25]i052: Condition '(VersionNT = v6.3 AND VersionNT64) AND (windows_uCRT_DetectKeyExists AND windows_uCRT_DetectKey >= v10.0.10240.0)' evaluates to false.
[0170:0174][2025-12-09T11:55:25]i052: Condition '(VersionNT = v6.2 AND NOT VersionNT64) AND (windows_uCRT_DetectKeyExists AND windows_uCRT_DetectKey >= v10.0.10240.0)' evaluates to false.
[0170:0174][2025-12-09T11:55:25]i052: Condition '(VersionNT = v6.2 AND VersionNT64) AND (windows_uCRT_DetectKeyExists AND windows_uCRT_DetectKey >= v10.0.10240.0)' evaluates to false.
[0170:0174][2025-12-09T11:55:25]i052: Condition '(VersionNT = v6.1 AND NOT VersionNT64) AND (windows_uCRT_DetectKeyExists AND windows_uCRT_DetectKey >= v10.0.10240.0)' evaluates to false.
[0170:0174][2025-12-09T11:55:25]i052: Condition '(VersionNT = v6.1 AND VersionNT64) AND (windows_uCRT_DetectKeyExists AND windows_uCRT_DetectKey >= v10.0.10240.0)' evaluates to false.
[0170:0174][2025-12-09T11:55:25]i052: Condition '(VersionNT = v6.0 AND NOT VersionNT64) AND (windows_uCRT_DetectKeyExists AND windows_uCRT_DetectKey >= v10.0.10240.0)' evaluates to false.
[0170:0174][2025-12-09T11:55:25]i052: Condition '(VersionNT = v6.0 AND VersionNT64) AND (windows_uCRT_DetectKeyExists AND windows_uCRT_DetectKey >= v10.0.10240.0)' evaluates to false.
[0170:0174][2025-12-09T11:55:25]i101: Detected package: Windows81_x86, state: Absent, cached: None
[0170:0174][2025-12-09T11:55:25]i101: Detected package: Windows81_x64, state: Absent, cached: None
[0170:0174][2025-12-09T11:55:25]i101: Detected package: Windows8_x86, state: Absent, cached: None
[0170:0174][2025-12-09T11:55:25]i101: Detected package: Windows8_x64, state: Absent, cached: None
[0170:0174][2025-12-09T11:55:25]i101: Detected package: Windows7_MSU_x86, state: Absent, cached: None
[0170:0174][2025-12-09T11:55:25]i101: Detected package: Windows7_MSU_x64, state: Absent, cached: None
[0170:0174][2025-12-09T11:55:25]i101: Detected package: WindowsVista_MSU_x86, state: Absent, cached: None
[0170:0174][2025-12-09T11:55:25]i101: Detected package: WindowsVista_MSU_x64, state: Absent, cached: None
[0170:0174][2025-12-09T11:55:25]i101: Detected package: vcRuntimeMinimum_x64, state: Absent, cached: None
[0170:0174][2025-12-09T11:55:25]i101: Detected package: vcRuntimeAdditional_x64, state: Absent, cached: None
[0170:0174][2025-12-09T11:55:25]i101: Detected package: vcRuntime_arm64, state: Absent, cached: None
[0170:0174][2025-12-09T11:55:25]i052: Condition 'VersionNT >= v6.1' evaluates to true.
[0170:0174][2025-12-09T11:55:25]i199: Detect complete, result: 0x0
[0170:0174][2025-12-09T11:55:25]i200: Plan begin, 11 packages, action: Install
[0170:0174][2025-12-09T11:55:25]i052: Condition 'VersionNT = v6.3 AND NOT VersionNT64' evaluates to false.
[0170:0174][2025-12-09T11:55:25]w321: Skipping dependency registration on package with no dependency providers: Windows81_x86
[0170:0174][2025-12-09T11:55:25]i052: Condition 'VersionNT = v6.3 AND VersionNT64' evaluates to false.
[0170:0174][2025-12-09T11:55:25]w321: Skipping dependency registration on package with no dependency providers: Windows81_x64
[0170:0174][2025-12-09T11:55:25]i052: Condition 'VersionNT = v6.2 AND NOT VersionNT64' evaluates to false.
[0170:0174][2025-12-09T11:55:25]w321: Skipping dependency registration on package with no dependency providers: Windows8_x86
[0170:0174][2025-12-09T11:55:25]i052: Condition 'VersionNT = v6.2 AND VersionNT64' evaluates to false.
[0170:0174][2025-12-09T11:55:25]w321: Skipping dependency registration on package with no dependency providers: Windows8_x64
[0170:0174][2025-12-09T11:55:25]i052: Condition 'VersionNT = v6.1 AND NOT VersionNT64' evaluates to false.
[0170:0174][2025-12-09T11:55:25]w321: Skipping dependency registration on package with no dependency providers: Windows7_MSU_x86
[0170:0174][2025-12-09T11:55:25]i052: Condition 'VersionNT = v6.1 AND VersionNT64' evaluates to false.
[0170:0174][2025-12-09T11:55:25]w321: Skipping dependency registration on package with no dependency providers: Windows7_MSU_x64
[0170:0174][2025-12-09T11:55:25]i052: Condition 'VersionNT = v6.0 AND NOT VersionNT64' evaluates to false.
[0170:0174][2025-12-09T11:55:25]w321: Skipping dependency registration on package with no dependency providers: WindowsVista_MSU_x86
[0170:0174][2025-12-09T11:55:25]i052: Condition 'VersionNT = v6.0 AND VersionNT64' evaluates to false.
[0170:0174][2025-12-09T11:55:25]w321: Skipping dependency registration on package with no dependency providers: WindowsVista_MSU_x64
[0170:0174][2025-12-09T11:55:25]i052: Condition '(VersionNT64) AND NOT (Arm64_Check = "ARM64")' evaluates to true.
[0170:0174][2025-12-09T11:55:25]i000: Setting string variable 'WixBundleRollbackLog_vcRuntimeMinimum_x64' to value 'C:\users\devecoisas\AppData\Local\Temp\dd_vcredist_amd64_20251209115525_000_vcRuntimeMinimum_x64_rollback.log'
[0170:0174][2025-12-09T11:55:25]i000: Setting string variable 'WixBundleLog_vcRuntimeMinimum_x64' to value 'C:\users\devecoisas\AppData\Local\Temp\dd_vcredist_amd64_20251209115525_000_vcRuntimeMinimum_x64.log'
[0170:0174][2025-12-09T11:55:25]i052: Condition '(VersionNT64) AND NOT (Arm64_Check = "ARM64")' evaluates to true.
[0170:0174][2025-12-09T11:55:25]i000: Setting string variable 'WixBundleRollbackLog_vcRuntimeAdditional_x64' to value 'C:\users\devecoisas\AppData\Local\Temp\dd_vcredist_amd64_20251209115525_001_vcRuntimeAdditional_x64_rollback.log'
[0170:0174][2025-12-09T11:55:25]i000: Setting string variable 'WixBundleLog_vcRuntimeAdditional_x64' to value 'C:\users\devecoisas\AppData\Local\Temp\dd_vcredist_amd64_20251209115525_001_vcRuntimeAdditional_x64.log'
[0170:0174][2025-12-09T11:55:25]i052: Condition 'Arm64_Check = "ARM64"' evaluates to false.
[0170:0174][2025-12-09T11:55:25]i201: Planned package: Windows81_x86, state: Absent, default requested: Absent, ba requested: Absent, execute: None, rollback: None, cache: No, uncache: No, dependency: None
[0170:0174][2025-12-09T11:55:25]i201: Planned package: Windows81_x64, state: Absent, default requested: Absent, ba requested: Absent, execute: None, rollback: None, cache: No, uncache: No, dependency: None
[0170:0174][2025-12-09T11:55:25]i201: Planned package: Windows8_x86, state: Absent, default requested: Absent, ba requested: Absent, execute: None, rollback: None, cache: No, uncache: No, dependency: None
[0170:0174][2025-12-09T11:55:25]i201: Planned package: Windows8_x64, state: Absent, default requested: Absent, ba requested: Absent, execute: None, rollback: None, cache: No, uncache: No, dependency: None
[0170:0174][2025-12-09T11:55:25]i201: Planned package: Windows7_MSU_x86, state: Absent, default requested: Absent, ba requested: Absent, execute: None, rollback: None, cache: No, uncache: No, dependency: None
[0170:0174][2025-12-09T11:55:25]i201: Planned package: Windows7_MSU_x64, state: Absent, default requested: Absent, ba requested: Absent, execute: None, rollback: None, cache: No, uncache: No, dependency: None
[0170:0174][2025-12-09T11:55:25]i201: Planned package: WindowsVista_MSU_x86, state: Absent, default requested: Absent, ba requested: Absent, execute: None, rollback: None, cache: No, uncache: No, dependency: None
[0170:0174][2025-12-09T11:55:25]i201: Planned package: WindowsVista_MSU_x64, state: Absent, default requested: Absent, ba requested: Absent, execute: None, rollback: None, cache: No, uncache: No, dependency: None
[0170:0174][2025-12-09T11:55:25]i201: Planned package: vcRuntimeMinimum_x64, state: Absent, default requested: Present, ba requested: Present, execute: Install, rollback: Uninstall, cache: Yes, uncache: No, dependency: Register
[0170:0174][2025-12-09T11:55:25]i201: Planned package: vcRuntimeAdditional_x64, state: Absent, default requested: Present, ba requested: Present, execute: Install, rollback: Uninstall, cache: Yes, uncache: No, dependency: Register
[0170:0174][2025-12-09T11:55:25]i201: Planned package: vcRuntime_arm64, state: Absent, default requested: Absent, ba requested: Absent, execute: None, rollback: None, cache: No, uncache: No, dependency: None
[0170:0174][2025-12-09T11:55:25]i299: Plan complete, result: 0x0
[0170:0174][2025-12-09T11:55:25]i300: Apply begin
[0170:0174][2025-12-09T11:55:25]i010: Launching elevated engine process.
[0170:0174][2025-12-09T11:55:25]i011: Launched elevated engine process.
[0170:0174][2025-12-09T11:55:26]i012: Connected to elevated engine.
[018C:0190][2025-12-09T11:55:26]i358: Pausing automatic updates.
[018C:0190][2025-12-09T11:55:26]i359: Paused automatic updates.
[018C:0190][2025-12-09T11:55:26]i360: Creating a system restore point.
[018C:0190][2025-12-09T11:55:26]i361: Created a system restore point.
[018C:0190][2025-12-09T11:55:26]i370: Session begin, registration key: SOFTWARE\Microsoft\Windows\CurrentVersion\Uninstall\{b49c10dd-4d54-45f8-ad13-fa25704456a4}, options: 0x7, disable resume: No
[018C:0190][2025-12-09T11:55:26]i000: Caching bundle from: 'C:\users\devecoisas\AppData\Local\Temp\{AD9E2040-9820-4B72-966E-61A8F0413A72}\.be\VC_redist.x64.exe' to: 'C:\ProgramData\Package Cache\{b49c10dd-4d54-45f8-ad13-fa25704456a4}\VC_redist.x64.exe'
[018C:0190][2025-12-09T11:55:26]i320: Registering bundle dependency provider: VC,redist.x64,amd64,14.42,bundle, version: 14.42.34438.0
[018C:0190][2025-12-09T11:55:26]i371: Updating session, registration key: SOFTWARE\Microsoft\Windows\CurrentVersion\Uninstall\{b49c10dd-4d54-45f8-ad13-fa25704456a4}, resume: Active, restart initiated: No, disable resume: No
[018C:019C][2025-12-09T11:55:26]i305: Verified acquired payload: vcRuntimeMinimum_x64 at path: C:\ProgramData\Package Cache\.unverified\vcRuntimeMinimum_x64, moving to: C:\ProgramData\Package Cache\{2E15F519-4FDA-4834-B4EE-7EFCE7D8D4EE}v14.42.34438\packages\vcRuntimeMinimum_amd64\vc_runtimeMinimum_x64.msi.
[018C:019C][2025-12-09T11:55:26]i305: Verified acquired payload: cab5046A8AB272BF37297BB7928664C9503 at path: C:\ProgramData\Package Cache\.unverified\cab5046A8AB272BF37297BB7928664C9503, moving to: C:\ProgramData\Package Cache\{2E15F519-4FDA-4834-B4EE-7EFCE7D8D4EE}v14.42.34438\packages\vcRuntimeMinimum_amd64\cab1.cab.
[018C:019C][2025-12-09T11:55:26]i305: Verified acquired payload: vcRuntimeAdditional_x64 at path: C:\ProgramData\Package Cache\.unverified\vcRuntimeAdditional_x64, moving to: C:\ProgramData\Package Cache\{E528AD94-12D7-42C4-91A3-908BE28E9BD2}v14.42.34438\packages\vcRuntimeAdditional_amd64\vc_runtimeAdditional_x64.msi.
[018C:019C][2025-12-09T11:55:26]i305: Verified acquired payload: cab2C04DDC374BD96EB5C8EB8208F2C7C92 at path: C:\ProgramData\Package Cache\.unverified\cab2C04DDC374BD96EB5C8EB8208F2C7C92, moving to: C:\ProgramData\Package Cache\{E528AD94-12D7-42C4-91A3-908BE28E9BD2}v14.42.34438\packages\vcRuntimeAdditional_amd64\cab1.cab.
[018C:0190][2025-12-09T11:55:26]i301: Applying execute package: vcRuntimeMinimum_x64, action: Install, path: C:\ProgramData\Package Cache\{2E15F519-4FDA-4834-B4EE-7EFCE7D8D4EE}v14.42.34438\packages\vcRuntimeMinimum_amd64\vc_runtimeMinimum_x64.msi, arguments: ' MSIFASTINSTALL="7" NOVSUI="1"'
[0170:0174][2025-12-09T11:55:26]i319: Applied execute package: vcRuntimeMinimum_x64, result: 0x0, restart: None
[018C:0190][2025-12-09T11:55:26]i325: Registering dependency: {b49c10dd-4d54-45f8-ad13-fa25704456a4} on package provider: Microsoft.VS.VC_RuntimeMinimumVSU_amd64,v14, package: vcRuntimeMinimum_x64
[018C:0190][2025-12-09T11:55:26]i301: Applying execute package: vcRuntimeAdditional_x64, action: Install, path: C:\ProgramData\Package Cache\{E528AD94-12D7-42C4-91A3-908BE28E9BD2}v14.42.34438\packages\vcRuntimeAdditional_amd64\vc_runtimeAdditional_x64.msi, arguments: ' MSIFASTINSTALL="7" NOVSUI="1"'
[0170:0174][2025-12-09T11:55:27]i319: Applied execute package: vcRuntimeAdditional_x64, result: 0x0, restart: None
[018C:0190][2025-12-09T11:55:27]i325: Registering dependency: {b49c10dd-4d54-45f8-ad13-fa25704456a4} on package provider: Microsoft.VS.VC_RuntimeAdditionalVSU_amd64,v14, package: vcRuntimeAdditional_x64
[018C:0190][2025-12-09T11:55:27]i372: Session end, registration key: SOFTWARE\Microsoft\Windows\CurrentVersion\Uninstall\{b49c10dd-4d54-45f8-ad13-fa25704456a4}, resume: ARP, restart: None, disable resume: No
[018C:0190][2025-12-09T11:55:27]i371: Updating session, registration key: SOFTWARE\Microsoft\Windows\CurrentVersion\Uninstall\{b49c10dd-4d54-45f8-ad13-fa25704456a4}, resume: ARP, restart initiated: No, disable resume: No
[0170:0174][2025-12-09T11:55:27]i399: Apply complete, result: 0x0, restart: None, ba requested restart:  No
[0170:0174][2025-12-09T11:55:27]i500: Shutting down, exit code: 0x0
[0170:0174][2025-12-09T11:55:27]i410: Variable: Arm64_Check = AMD64
[0170:0174][2025-12-09T11:55:27]i410: Variable: SystemFolder = C:\windows\syswow64\
[0170:0174][2025-12-09T11:55:27]i410: Variable: VersionNT = 10.0.0.0
[0170:0174][2025-12-09T11:55:27]i410: Variable: VersionNT64 = 10.0.0.0
[0170:0174][2025-12-09T11:55:27]i410: Variable: windows_uCRT_DetectKey = 10.0.14393.2247
[0170:0174][2025-12-09T11:55:27]i410: Variable: windows_uCRT_DetectKeyExists = 1
[0170:0174][2025-12-09T11:55:27]i410: Variable: WixBundleAction = 5
[0170:0174][2025-12-09T11:55:27]i410: Variable: WixBundleElevated = 1
[0170:0174][2025-12-09T11:55:27]i410: Variable: WixBundleFileVersion = 14.42.34438.0
[0170:0174][2025-12-09T11:55:27]i410: Variable: WixBundleInstalled = 0
[0170:0174][2025-12-09T11:55:27]i410: Variable: WixBundleLog = C:\users\devecoisas\AppData\Local\Temp\dd_vcredist_amd64_20251209115525.log
[0170:0174][2025-12-09T11:55:27]i410: Variable: WixBundleLog_vcRuntimeAdditional_x64 = C:\users\devecoisas\AppData\Local\Temp\dd_vcredist_amd64_20251209115525_001_vcRuntimeAdditional_x64.log
[0170:0174][2025-12-09T11:55:27]i410: Variable: WixBundleLog_vcRuntimeMinimum_x64 = C:\users\devecoisas\AppData\Local\Temp\dd_vcredist_amd64_20251209115525_000_vcRuntimeMinimum_x64.log
[0170:0174][2025-12-09T11:55:27]i410: Variable: WixBundleManufacturer = Microsoft Corporation
[0170:0174][2025-12-09T11:55:27]i410: Variable: WixBundleName = Microsoft Visual C++ 2015-2022 Redistributable (x64) - 14.42.34438
[0170:0174][2025-12-09T11:55:27]i410: Variable: WixBundleOriginalSource = C:\users\devecoisas\AppData\Local\Temp\is-945HA.tmp\vc_redist.x64.exe
[0170:0174][2025-12-09T11:55:27]i410: Variable: WixBundleOriginalSourceFolder = C:\users\devecoisas\AppData\Local\Temp\is-945HA.tmp\
[0170:0174][2025-12-09T11:55:27]i410: Variable: WixBundleProviderKey = VC,redist.x64,amd64,14.42,bundle
[0170:0174][2025-12-09T11:55:27]i410: Variable: WixBundleRollbackLog_vcRuntimeAdditional_x64 = C:\users\devecoisas\AppData\Local\Temp\dd_vcredist_amd64_20251209115525_001_vcRuntimeAdditional_x64_rollback.log
[0170:0174][2025-12-09T11:55:27]i410: Variable: WixBundleRollbackLog_vcRuntimeMinimum_x64 = C:\users\devecoisas\AppData\Local\Temp\dd_vcredist_amd64_20251209115525_000_vcRuntimeMinimum_x64_rollback.log
[0170:0174][2025-12-09T11:55:27]i410: Variable: WixBundleSourceProcessFolder = C:\users\devecoisas\AppData\Local\Temp\is-945HA.tmp\
[0170:0174][2025-12-09T11:55:27]i410: Variable: WixBundleSourceProcessPath = C:\users\devecoisas\AppData\Local\Temp\is-945HA.tmp\vc_redist.x64.exe
[0170:0174][2025-12-09T11:55:27]i410: Variable: WixBundleTag = 
[0170:0174][2025-12-09T11:55:27]i410: Variable: WixBundleUILevel = 3
[0170:0174][2025-12-09T11:55:27]i410: Variable: WixBundleVersion = 14.42.34438.0
[0170:0174][2025-12-09T11:55:27]i007: Exit code: 0x0, restarting: No
