1: 0 2: 1033 3: 1252 
=== Logging Iniciado: 09/12/2025  11:55:26 ===
Tipo da Mensagem: 0, Argumento: 1033, 1252
Tipo da Mensagem: 1, Argumento: Microsoft Visual C++ 2022 X64 Additional Runtime - 14.42.34438
Ação 11:55:26: INSTALL. 
Inicio da Ação 11:55:26: INSTALL.
1: 0 2: 1033 3: 1252 
1: 0 2: 1033 3: 1252 
=== Logging Iniciado: 09/12/2025  11:55:26 ===
Tipo da Mensagem: 0, Argumento: 1033, 1252
Tipo da Mensagem: 1, Argumento: Microsoft Visual C++ 2022 X64 Additional Runtime - 14.42.34438
Ação 11:55:26: INSTALL. 
Inicio da Ação 11:55:26: INSTALL.
1: Microsoft Visual C++ 2022 X64 Additional Runtime - 14.42.34438 2: {E528AD94-12D7-42C4-91A3-908BE28E9BD2} 
Ação 11:55:26: FindRelatedProducts. Buscando por aplicações relacionadas
Inicio da Ação 11:55:26: FindRelatedProducts.
Ação finalizada 11:55:26: FindRelatedProducts. Valore de Retorno 1.
Ação 11:55:26: AppSearch. Buscando por aplicativos instalados
Inicio da Ação 11:55:26: AppSearch.
Propriedade: ARM64CHECK, Assinatura: Arm64_Reg_Check
Ação finalizada 11:55:26: AppSearch. Valore de Retorno 1.
Ação 11:55:26: LaunchConditions. Avaliando condições de inicialização
Inicio da Ação 11:55:26: LaunchConditions.
Ação finalizada 11:55:26: LaunchConditions. Valore de Retorno 1.
Ação 11:55:26: ValidateProductID. 
Inicio da Ação 11:55:26: ValidateProductID.
Ação finalizada 11:55:26: ValidateProductID. Valore de Retorno 1.
Ação 11:55:26: CostInitialize. Calculando requisitos de espaço
Inicio da Ação 11:55:26: CostInitialize.
Ação finalizada 11:55:26: CostInitialize. Valore de Retorno 1.
Ação 11:55:26: FileCost. Calculando requisitos de espaço
Inicio da Ação 11:55:26: FileCost.
Ação finalizada 11:55:26: FileCost. Valore de Retorno 1.
Ação 11:55:26: CostFinalize. Calculando requisitos de espaço
Inicio da Ação 11:55:26: CostFinalize.
Ação finalizada 11:55:26: CostFinalize. Valore de Retorno 1.
Ação 11:55:26: InstallValidate. Validando instalação
Inicio da Ação 11:55:26: InstallValidate.
Ação finalizada 11:55:26: InstallValidate. Valore de Retorno 1.
Ação 11:55:26: InstallInitialize. 
Inicio da Ação 11:55:26: InstallInitialize.
Ação finalizada 11:55:26: InstallInitialize. Valore de Retorno 1.
Ação 11:55:26: RemoveExistingProducts. Removendo aplicativos
Inicio da Ação 11:55:26: RemoveExistingProducts.
Ação finalizada 11:55:26: RemoveExistingProducts. Valore de Retorno 1.
Ação 11:55:26: ProcessComponents. Atualizando registro de componentes
Inicio da Ação 11:55:26: ProcessComponents.
Ação finalizada 11:55:26: ProcessComponents. Valore de Retorno 1.
Ação 11:55:26: UnpublishFeatures. Removendo Características de Produto
Inicio da Ação 11:55:26: UnpublishFeatures.
Ação finalizada 11:55:26: UnpublishFeatures. Valore de Retorno 1.
Ação 11:55:26: RemoveRegistryValues. Removendo valores do registro do sistema
Inicio da Ação 11:55:26: RemoveRegistryValues.
Ação finalizada 11:55:26: RemoveRegistryValues. Valore de Retorno 1.
Ação 11:55:26: RemoveFiles. Removendo arquivos
Inicio da Ação 11:55:26: RemoveFiles.
Ação finalizada 11:55:26: RemoveFiles. Valore de Retorno 1.
Ação 11:55:26: InstallFiles. Copiando novos arquivos
Inicio da Ação 11:55:26: InstallFiles.
Ação finalizada 11:55:26: InstallFiles. Valore de Retorno 1.
Ação 11:55:26: WriteRegistryValues. Gravando valores do registro de sistema
Inicio da Ação 11:55:26: WriteRegistryValues.
Ação finalizada 11:55:26: WriteRegistryValues. Valore de Retorno 1.
Ação 11:55:26: RegisterUser. Registrando usuário
Inicio da Ação 11:55:26: RegisterUser.
Ação finalizada 11:55:26: RegisterUser. Valore de Retorno 1.
Ação 11:55:26: RegisterProduct. Registrando produto
Inicio da Ação 11:55:26: RegisterProduct.
Ação finalizada 11:55:26: RegisterProduct. Valore de Retorno 1.
Ação 11:55:26: PublishFeatures. Publicando Características de Produto
Inicio da Ação 11:55:26: PublishFeatures.
Ação finalizada 11:55:26: PublishFeatures. Valore de Retorno 1.
Ação 11:55:26: PublishProduct. Publicando informações do produto
Inicio da Ação 11:55:26: PublishProduct.
Ação finalizada 11:55:26: PublishProduct. Valore de Retorno 1.
Ação 11:55:26: InstallFinalize. 
Inicio da Ação 11:55:26: InstallFinalize.
Ação 11:55:26: ProcessComponents. Atualizando registro de componentes
Inicio da Ação 11:55:26: ProcessComponents.
1: {E528AD94-12D7-42C4-91A3-908BE28E9BD2} 2: {3639FCCA-5969-316D-AC18-E0C6B2B532E9} 3: 02:\SOFTWARE\Microsoft\VisualStudio\14.0\VC\Runtimes\X64\Version 
1: {E528AD94-12D7-42C4-91A3-908BE28E9BD2} 2: {D2959D22-4DB7-32AF-A1B0-8405C4221749} 3: 02:\SOFTWARE\Microsoft\VisualStudio\14.0\VC\Runtimes\X64\Version 
1: {E528AD94-12D7-42C4-91A3-908BE28E9BD2} 2: {99A922E3-648F-3C37-8AE6-78232F317B1E} 3: C:\windows\system32\mfc140.dll 
1: {E528AD94-12D7-42C4-91A3-908BE28E9BD2} 2: {8924DA15-E863-388D-A06B-E7A3931AD77B} 3: C:\windows\system32\mfc140u.dll 
1: {E528AD94-12D7-42C4-91A3-908BE28E9BD2} 2: {32252141-0BE5-3AFE-9849-D281CD954D43} 3: C:\windows\system32\mfcm140.dll 
1: {E528AD94-12D7-42C4-91A3-908BE28E9BD2} 2: {AD221A2C-956B-3F16-8F64-FC938CBFD1C9} 3: C:\windows\system32\mfcm140u.dll 
1: {E528AD94-12D7-42C4-91A3-908BE28E9BD2} 2: {CA9C8888-CEE6-38D6-A64D-33DA28675281} 3: C:\windows\system32\mfc140chs.dll 
1: {E528AD94-12D7-42C4-91A3-908BE28E9BD2} 2: {F692B585-1C66-3BD5-AC31-442E4221ED80} 3: C:\windows\system32\mfc140cht.dll 
1: {E528AD94-12D7-42C4-91A3-908BE28E9BD2} 2: {7F148EE8-E61F-3462-B6D4-E1411A8EC5C9} 3: C:\windows\system32\mfc140deu.dll 
1: {E528AD94-12D7-42C4-91A3-908BE28E9BD2} 2: {686933F1-9A99-3CD8-A071-2BE11CEA5E99} 3: C:\windows\system32\mfc140enu.dll 
1: {E528AD94-12D7-42C4-91A3-908BE28E9BD2} 2: {674A4EC5-F732-3C6D-A0FB-289D61963665} 3: C:\windows\system32\mfc140esn.dll 
1: {E528AD94-12D7-42C4-91A3-908BE28E9BD2} 2: {3A88BA88-2780-3262-A7A9-7A11D3ED9A88} 3: C:\windows\system32\mfc140fra.dll 
1: {E528AD94-12D7-42C4-91A3-908BE28E9BD2} 2: {8D300AD7-942A-3EDF-AA03-3D442AF99208} 3: C:\windows\system32\mfc140ita.dll 
1: {E528AD94-12D7-42C4-91A3-908BE28E9BD2} 2: {51C499DB-BD7A-31E9-AAFA-5D0813741B43} 3: C:\windows\system32\mfc140jpn.dll 
1: {E528AD94-12D7-42C4-91A3-908BE28E9BD2} 2: {C6C22F1F-CEB2-31D6-A2E9-8F124A82428F} 3: C:\windows\system32\mfc140kor.dll 
1: {E528AD94-12D7-42C4-91A3-908BE28E9BD2} 2: {21B0261D-5191-3D58-9C29-B9232B27D616} 3: C:\windows\system32\mfc140rus.dll 
1: {E528AD94-12D7-42C4-91A3-908BE28E9BD2} 2: {EA0D3A76-AE46-3F46-B94D-309D5097A125} 3: 02:\SOFTWARE\Microsoft\DevDiv\VC\Servicing\14.0\SP 
1: {E528AD94-12D7-42C4-91A3-908BE28E9BD2} 2: {225DB27C-EE31-3DF8-B4BB-AC5506C5673A} 3: 02:\SOFTWARE\Microsoft\DevDiv\VC\Servicing\14.0\RuntimeAdditional\Install 
1: {E528AD94-12D7-42C4-91A3-908BE28E9BD2} 2: {04D1E303-8E0F-36D1-BC1F-E27EE209198A} 3: 02:\SOFTWARE\Microsoft\DevDiv\VC\Servicing\14.0\SP 
1: {E528AD94-12D7-42C4-91A3-908BE28E9BD2} 2: {ABC89929-9E1E-30F1-A5A6-C685BDDDB7E3} 3: 02:\SOFTWARE\Microsoft\DevDiv\VC\Servicing\14.0\RuntimeAdditional\Install 
1: {E528AD94-12D7-42C4-91A3-908BE28E9BD2} 2: {610423BB-1113-392F-8B0A-340000E19044} 3: -1:\Software\Classes\Installer\Dependencies\Microsoft.VS.VC_RuntimeAdditionalVSU_amd64,v14\Version 
Ação finalizada 11:55:26: ProcessComponents. Valore de Retorno 1.
Ação 11:55:26: UnpublishFeatures. Removendo Características de Produto
Inicio da Ação 11:55:26: UnpublishFeatures.
Ação finalizada 11:55:26: UnpublishFeatures. Valore de Retorno 1.
Ação 11:55:26: RemoveRegistryValues. Removendo valores do registro do sistema
Inicio da Ação 11:55:26: RemoveRegistryValues.
Ação finalizada 11:55:26: RemoveRegistryValues. Valore de Retorno 1.
Ação 11:55:26: RemoveFiles. Removendo arquivos
Inicio da Ação 11:55:26: RemoveFiles.
Arquivo: mfc140.dll, Pasta: System64Folder
Arquivo: mfc140chs.dll, Pasta: System64Folder
Arquivo: mfc140cht.dll, Pasta: System64Folder
Arquivo: mfc140deu.dll, Pasta: System64Folder
Arquivo: mfc140enu.dll, Pasta: System64Folder
Arquivo: mfc140esn.dll, Pasta: System64Folder
Arquivo: mfc140fra.dll, Pasta: System64Folder
Arquivo: mfc140ita.dll, Pasta: System64Folder
Arquivo: mfc140jpn.dll, Pasta: System64Folder
Arquivo: mfc140kor.dll, Pasta: System64Folder
Arquivo: mfc140rus.dll, Pasta: System64Folder
Arquivo: mfc140u.dll, Pasta: System64Folder
Arquivo: mfcm140.dll, Pasta: System64Folder
Arquivo: mfcm140u.dll, Pasta: System64Folder
Ação finalizada 11:55:26: RemoveFiles. Valore de Retorno 1.
Ação 11:55:26: InstallFiles. Copiando novos arquivos
Inicio da Ação 11:55:26: InstallFiles.
Arquivo: mfc140.dll, Pasta: System64Folder, Tamanho: 5622896
Arquivo: mfc140chs.dll, Pasta: System64Folder, Tamanho: 51312
Arquivo: mfc140cht.dll, Pasta: System64Folder, Tamanho: 51312
Arquivo: mfc140deu.dll, Pasta: System64Folder, Tamanho: 79984
Arquivo: mfc140enu.dll, Pasta: System64Folder, Tamanho: 70224
Arquivo: mfc140esn.dll, Pasta: System64Folder, Tamanho: 78960
Arquivo: mfc140fra.dll, Pasta: System64Folder, Tamanho: 79952
Arquivo: mfc140ita.dll, Pasta: System64Folder, Tamanho: 77904
Arquivo: mfc140jpn.dll, Pasta: System64Folder, Tamanho: 58984
Arquivo: mfc140kor.dll, Pasta: System64Folder, Tamanho: 58472
Arquivo: mfc140rus.dll, Pasta: System64Folder, Tamanho: 75848
Arquivo: mfc140u.dll, Pasta: System64Folder, Tamanho: 5658192
Arquivo: mfcm140.dll, Pasta: System64Folder, Tamanho: 96336
Arquivo: mfcm140u.dll, Pasta: System64Folder, Tamanho: 96368
Ação finalizada 11:55:27: InstallFiles. Valore de Retorno 1.
Ação 11:55:27: WriteRegistryValues. Gravando valores do registro de sistema
Inicio da Ação 11:55:27: WriteRegistryValues.
Chave: HKEY_LOCAL_MACHINE\SOFTWARE\Microsoft\VisualStudio\14.0\VC\Runtimes\X64, Nome: Version, Valor: v14.42.34438.00
Chave: HKEY_LOCAL_MACHINE\SOFTWARE\Microsoft\VisualStudio\14.0\VC\Runtimes\X64, Nome: Version, Valor: v14.42.34438.00
Chave: HKEY_LOCAL_MACHINE\SOFTWARE\Microsoft\DevDiv\VC\Servicing\14.0, Nome: SP, Valor: 
Chave: HKEY_LOCAL_MACHINE\SOFTWARE\Microsoft\DevDiv\VC\Servicing\14.0\RuntimeAdditional, Nome: Install, Valor: 
Chave: HKEY_LOCAL_MACHINE\SOFTWARE\Microsoft\DevDiv\VC\Servicing\14.0, Nome: SP, Valor: 
Chave: HKEY_LOCAL_MACHINE\SOFTWARE\Microsoft\DevDiv\VC\Servicing\14.0\RuntimeAdditional, Nome: Install, Valor: 
Chave: HKEY_LOCAL_MACHINE\Software\Classes\Installer\Dependencies\Microsoft.VS.VC_RuntimeAdditionalVSU_amd64,v14, Nome: Version, Valor: 14.42.34438
Chave: HKEY_LOCAL_MACHINE\SOFTWARE\Microsoft\VisualStudio\14.0\VC\Runtimes\X64, Nome: Installed, Valor: 
Chave: HKEY_LOCAL_MACHINE\SOFTWARE\Microsoft\VisualStudio\14.0\VC\Runtimes\X64, Nome: Major, Valor: 
Chave: HKEY_LOCAL_MACHINE\SOFTWARE\Microsoft\VisualStudio\14.0\VC\Runtimes\X64, Nome: Minor, Valor: 
Chave: HKEY_LOCAL_MACHINE\SOFTWARE\Microsoft\VisualStudio\14.0\VC\Runtimes\X64, Nome: Bld, Valor: 
Chave: HKEY_LOCAL_MACHINE\SOFTWARE\Microsoft\VisualStudio\14.0\VC\Runtimes\X64, Nome: Rbld, Valor: 
Chave: HKEY_LOCAL_MACHINE\SOFTWARE\Microsoft\VisualStudio\14.0\VC\Runtimes\X64, Nome: Installed, Valor: 
Chave: HKEY_LOCAL_MACHINE\SOFTWARE\Microsoft\VisualStudio\14.0\VC\Runtimes\X64, Nome: Major, Valor: 
Chave: HKEY_LOCAL_MACHINE\SOFTWARE\Microsoft\VisualStudio\14.0\VC\Runtimes\X64, Nome: Minor, Valor: 
Chave: HKEY_LOCAL_MACHINE\SOFTWARE\Microsoft\VisualStudio\14.0\VC\Runtimes\X64, Nome: Bld, Valor: 
Chave: HKEY_LOCAL_MACHINE\SOFTWARE\Microsoft\VisualStudio\14.0\VC\Runtimes\X64, Nome: Rbld, Valor: 
Chave: HKEY_LOCAL_MACHINE\SOFTWARE\Microsoft\DevDiv\VC\Servicing\14.0, Nome: SPIndex, Valor: 
Chave: HKEY_LOCAL_MACHINE\SOFTWARE\Microsoft\DevDiv\VC\Servicing\14.0\RuntimeAdditional, Nome: InstallerType, Valor: MSI
Chave: HKEY_LOCAL_MACHINE\SOFTWARE\Microsoft\DevDiv\VC\Servicing\14.0\RuntimeAdditional, Nome: SP, Valor: 
Chave: HKEY_LOCAL_MACHINE\SOFTWARE\Microsoft\DevDiv\VC\Servicing\14.0\RuntimeAdditional, Nome: SPIndex, Valor: 
Chave: HKEY_LOCAL_MACHINE\SOFTWARE\Microsoft\DevDiv\VC\Servicing\14.0\RuntimeAdditional, Nome: SPName, Valor: RTM
Chave: HKEY_LOCAL_MACHINE\SOFTWARE\Microsoft\DevDiv\VC\Servicing\14.0\RuntimeAdditional, Nome: Version, Valor: 14.42.34438
Chave: HKEY_LOCAL_MACHINE\SOFTWARE\Microsoft\DevDiv\VC\Servicing\14.0\RuntimeAdditional, Nome: UpdateVersion, Valor: 14.42.34438
Chave: HKEY_LOCAL_MACHINE\SOFTWARE\Microsoft\DevDiv\VC\Servicing\14.0, Nome: SPIndex, Valor: 
Chave: HKEY_LOCAL_MACHINE\SOFTWARE\Microsoft\DevDiv\VC\Servicing\14.0\RuntimeAdditional, Nome: InstallerType, Valor: MSI
Chave: HKEY_LOCAL_MACHINE\SOFTWARE\Microsoft\DevDiv\VC\Servicing\14.0\RuntimeAdditional, Nome: SP, Valor: 
Chave: HKEY_LOCAL_MACHINE\SOFTWARE\Microsoft\DevDiv\VC\Servicing\14.0\RuntimeAdditional, Nome: SPIndex, Valor: 
Chave: HKEY_LOCAL_MACHINE\SOFTWARE\Microsoft\DevDiv\VC\Servicing\14.0\RuntimeAdditional, Nome: SPName, Valor: RTM
Chave: HKEY_LOCAL_MACHINE\SOFTWARE\Microsoft\DevDiv\VC\Servicing\14.0\RuntimeAdditional, Nome: Version, Valor: 14.42.34438
Chave: HKEY_LOCAL_MACHINE\SOFTWARE\Microsoft\DevDiv\VC\Servicing\14.0\RuntimeAdditional, Nome: UpdateVersion, Valor: 14.42.34438
Chave: HKEY_LOCAL_MACHINE\Software\Classes\Installer\Dependencies\Microsoft.VS.VC_RuntimeAdditionalVSU_amd64,v14, Nome: , Valor: {E528AD94-12D7-42C4-91A3-908BE28E9BD2}
Chave: HKEY_LOCAL_MACHINE\Software\Classes\Installer\Dependencies\Microsoft.VS.VC_RuntimeAdditionalVSU_amd64,v14, Nome: DisplayName, Valor: Microsoft Visual C++ 2022 X64 Additional Runtime - 14.42.34438
Ação finalizada 11:55:27: WriteRegistryValues. Valore de Retorno 1.
Ação 11:55:27: RegisterUser. Registrando usuário
Inicio da Ação 11:55:27: RegisterUser.
1:  
Ação finalizada 11:55:27: RegisterUser. Valore de Retorno 1.
Ação 11:55:27: RegisterProduct. Registrando produto
Inicio da Ação 11:55:27: RegisterProduct.
1: {E528AD94-12D7-42C4-91A3-908BE28E9BD2} 
Ação finalizada 11:55:27: RegisterProduct. Valore de Retorno 1.
Ação 11:55:27: PublishFeatures. Publicando Características de Produto
Inicio da Ação 11:55:27: PublishFeatures.
Característica: VC_Runtime_Additional
Característica: Provider
Característica: Servicing_Key
Ação finalizada 11:55:27: PublishFeatures. Valore de Retorno 1.
Ação 11:55:27: PublishProduct. Publicando informações do produto
Inicio da Ação 11:55:27: PublishProduct.
1: {E528AD94-12D7-42C4-91A3-908BE28E9BD2} 
Ação finalizada 11:55:27: PublishProduct. Valore de Retorno 1.
Ação finalizada 11:55:27: InstallFinalize. Valore de Retorno 1.
Ação finalizada 11:55:27: INSTALL. Valore de Retorno 1.
1: Microsoft Visual C++ 2022 X64 Additional Runtime - 14.42.34438 2: {E528AD94-12D7-42C4-91A3-908BE28E9BD2} 3: 1 
Property(S): UpgradeCode = {9B0BAA88-E15F-3A1F-ACC0-B206E9DDF71C}
Property(S): ARM64CHECK = AMD64
Property(S): TARGETDIR = C:\
Property(S): System64Folder = C:\windows\system32\
Property(S): SourceDir = C:\ProgramData\Package Cache\{E528AD94-12D7-42C4-91A3-908BE28E9BD2}v14.42.34438\packages\vcRuntimeAdditional_amd64\
Property(S): ALLUSERS = 1
Property(S): FILESINUSETEXT = The following applications should be closed before continuing the install:
Property(S): INSTALLLEVEL = 2
Property(S): LIMITUI = 1
Property(S): REBOOT = ReallySuppress
Property(S): REPAIR_REINSTALLMODE = pecmsu
Property(S): ARPSYSTEMCOMPONENT = 1
Property(S): LocProductName = Microsoft Visual C++ 2022 X64 Runtime
Property(S): ProductCPU = amd64
Property(S): ProductEdition = Runtime
Property(S): ProductFamily = VC
Property(S): RTM_ProductVersion = 14.42.34438
Property(S): MsiLogging = voicewarmup
Property(S): Manufacturer = Microsoft Corporation
Property(S): ProductCode = {E528AD94-12D7-42C4-91A3-908BE28E9BD2}
Property(S): ProductLanguage = 1033
Property(S): ProductName = Microsoft Visual C++ 2022 X64 Additional Runtime - 14.42.34438
Property(S): ProductVersion = 14.42.34438
Property(S): DirectoryTable100_amd64 = DirectoryTable
Property(S): SecureCustomProperties = IGNOREDEPENDENCIES;NEWERVCRUNTIMEVERSIONDETECTED;UPGRADEVCRUNTIME
Property(S): AdminUser = 1
Property(S): Privileged = 1
Property(S): MsiRunningElevated = 1
Property(S): MsiTrueAdminUser = 1
Property(S): CommonAppDataFolder = C:\ProgramData\
Property(S): FavoritesFolder = C:\users\devecoisas\Favorites\
Property(S): FontsFolder = C:\windows\Fonts\
Property(S): SendToFolder = C:\users\devecoisas\AppData\Roaming\Microsoft\Windows\SendTo\
Property(S): StartMenuFolder = C:\users\devecoisas\AppData\Roaming\Microsoft\Windows\Start Menu\
Property(S): StartupFolder = C:\users\devecoisas\AppData\Roaming\Microsoft\Windows\Start Menu\Programs\StartUp\
Property(S): TemplateFolder = C:\users\devecoisas\AppData\Roaming\Microsoft\Windows\Templates\
Property(S): DesktopFolder = C:\users\devecoisas\Desktop\
Property(S): ProgramMenuFolder = C:\users\devecoisas\AppData\Roaming\Microsoft\Windows\Start Menu\Programs\
Property(S): AdminToolsFolder = C:\users\devecoisas\AppData\Roaming\Microsoft\Windows\Start Menu\Programs\Administrative Tools\
Property(S): AppDataFolder = C:\users\devecoisas\AppData\Roaming\
Property(S): SystemFolder = C:\windows\syswow64\
Property(S): System16Folder = C:\windows\system32\
Property(S): LocalAppDataFolder = C:\users\devecoisas\AppData\Local\
Property(S): MyPicturesFolder = C:\users\devecoisas\Pictures\
Property(S): PersonalFolder = C:\users\devecoisas\Documents\
Property(S): WindowsFolder = C:\windows\
Property(S): PrintHoodFolder = C:\users\devecoisas\AppData\Roaming\Microsoft\Windows\Printer Shortcuts\
Property(S): NetHoodFolder = C:\users\devecoisas\AppData\Roaming\Microsoft\Windows\Network Shortcuts\
Property(S): RecentFolder = C:\users\devecoisas\AppData\Roaming\Microsoft\Windows\Recent\
Property(S): PhysicalMemory = 7902
Property(S): WindowsVolume = C:\
Property(S): TempFolder = C:\users\devecoisas\AppData\Local\Temp\
Property(S): VersionNT = 603
Property(S): MsiNTProductType = 1
Property(S): WindowsBuild = 9600
Property(S): ServicePackLevel = 0
Property(S): VersionMsi = 5.0
Property(S): VersionDatabase = 500
Property(S): Intel = 6
Property(S): MsiAMD64 = 6
Property(S): Msix64 = 6
Property(S): VersionNT64 = 603
Property(S): ProgramFiles64Folder = C:\Program Files\
Property(S): ProgramFilesFolder = C:\Program Files (x86)\
Property(S): CommonFiles64Folder = C:\Program Files\Common Files\
Property(S): CommonFilesFolder = C:\Program Files (x86)\Common Files\
Property(S): ScreenX = 1360
Property(S): ScreenY = 768
Property(S): ColorBits = 32
Property(S): UserSID = S-1-5-21-0-0-0-1000
Property(S): MsiNetAssemblySupport = 4.6.1590.0
Property(S): UserLanguageID = 1046
Property(S): SystemLanguageID = 1046
Property(S): ProductState = -1
Property(S): LogonUser = devecoisas
Property(S): ComputerName = DEBIAN
Property(S): UILevel = 2
Property(S): PackageCode = {3B4BA80E-2E45-415E-913E-2807845AA9F3}
Property(S): DATABASE = C:\windows\Installer\83f6.msi
Property(S): OriginalDatabase = C:\ProgramData\Package Cache\{E528AD94-12D7-42C4-91A3-908BE28E9BD2}v14.42.34438\packages\vcRuntimeAdditional_amd64\vc_runtimeAdditional_x64.msi
Property(S): SOURCEDIR = C:\ProgramData\Package Cache\{E528AD94-12D7-42C4-91A3-908BE28E9BD2}v14.42.34438\packages\vcRuntimeAdditional_amd64\
Property(S): MSIFASTINSTALL = 7
Property(S): NOVSUI = 1
Property(S): ACTION = INSTALL
Property(S): EXECUTEACTION = INSTALL
Property(S): CostingComplete = 1
Property(S): ROOTDRIVE = C:\
Property(S): OutOfDiskSpace = 0
Property(S): OutOfNoRbDiskSpace = 0
1: 2 2: 0 
1: 2 2: 1 
Ação finalizada 11:55:27: INSTALL. Valore de Retorno 1.
